\BOOKMARK [1][-]{section.1}{Resources}{}% 1
\BOOKMARK [1][-]{section.2}{Discussion}{}% 2
\BOOKMARK [2][-]{subsection.2.1}{Instruction Set Architecture}{section.2}% 3
\BOOKMARK [2][-]{subsection.2.2}{Application Binary Interface}{section.2}% 4
\BOOKMARK [2][-]{subsection.2.3}{ISA Taxonomy}{section.2}% 5
\BOOKMARK [2][-]{subsection.2.4}{Considerations in ISA Design}{section.2}% 6
\BOOKMARK [2][-]{subsection.2.5}{Example Instruction Formats}{section.2}% 7
\BOOKMARK [2][-]{subsection.2.6}{TOMA: The Optimal Machine Architecture}{section.2}% 8
\BOOKMARK [3][-]{subsubsection.2.6.1}{Features}{subsection.2.6}% 9
\BOOKMARK [3][-]{subsubsection.2.6.2}{Instruction Format}{subsection.2.6}% 10
\BOOKMARK [3][-]{subsubsection.2.6.3}{Supported Instructions}{subsection.2.6}% 11
\BOOKMARK [3][-]{subsubsection.2.6.4}{Assembly Language}{subsection.2.6}% 12
\BOOKMARK [2][-]{subsection.2.7}{REDHORSE 500: An implementation of TOMA}{section.2}% 13
\BOOKMARK [3][-]{subsubsection.2.7.1}{Features}{subsection.2.7}% 14
\BOOKMARK [3][-]{subsubsection.2.7.2}{Processor}{subsection.2.7}% 15
\BOOKMARK [3][-]{subsubsection.2.7.3}{Program Counter}{subsection.2.7}% 16
\BOOKMARK [3][-]{subsubsection.2.7.4}{Instruction Memory}{subsection.2.7}% 17
\BOOKMARK [3][-]{subsubsection.2.7.5}{Register File}{subsection.2.7}% 18
\BOOKMARK [3][-]{subsubsection.2.7.6}{ALU}{subsection.2.7}% 19
\BOOKMARK [3][-]{subsubsection.2.7.7}{Control Unit}{subsection.2.7}% 20
\BOOKMARK [3][-]{subsubsection.2.7.8}{Mux0}{subsection.2.7}% 21
\BOOKMARK [3][-]{subsubsection.2.7.9}{Mux1}{subsection.2.7}% 22
\BOOKMARK [3][-]{subsubsection.2.7.10}{Sign Extend}{subsection.2.7}% 23
\BOOKMARK [3][-]{subsubsection.2.7.11}{Simulation}{subsection.2.7}% 24
\BOOKMARK [1][-]{section.3}{Summary}{}% 25
\BOOKMARK [1][-]{section.4}{Self-Assessment Questions}{}% 26
\BOOKMARK [1][-]{section.5}{Learning Activities and Deliverables}{}% 27
\BOOKMARK [2][-]{subsection.5.1}{Write a testbench}{section.5}% 28
\BOOKMARK [2][-]{subsection.5.2}{Write an assembler for TOMA}{section.5}% 29
\BOOKMARK [2][-]{subsection.5.3}{Test your assembler}{section.5}% 30
\BOOKMARK [2][-]{subsection.5.4}{Discussion}{section.5}% 31
