This is pdfTeX, Version 3.14159265-2.6-1.40.18 (TeX Live 2017/Debian) (preloaded format=pdflatex 2019.6.10)  26 OCT 2020 18:30
entering extended mode
 \write18 enabled.
 %&-line parsing enabled.
**toma.tex
(./toma.tex
LaTeX2e <2017-04-15>
Babel <3.18> and hyphenation patterns for 3 language(s) loaded.
(/usr/share/texlive/texmf-dist/tex/latex/base/article.cls
Document Class: article 2014/09/29 v1.4h Standard LaTeX document class
(/usr/share/texlive/texmf-dist/tex/latex/base/size11.clo
File: size11.clo 2014/09/29 v1.4h Standard LaTeX file (size option)
)
\c@part=\count79
\c@section=\count80
\c@subsection=\count81
\c@subsubsection=\count82
\c@paragraph=\count83
\c@subparagraph=\count84
\c@figure=\count85
\c@table=\count86
\abovecaptionskip=\skip41
\belowcaptionskip=\skip42
\bibindent=\dimen102
)
(/usr/share/texlive/texmf-dist/tex/latex/geometry/geometry.sty
Package: geometry 2010/09/12 v5.6 Page Geometry

(/usr/share/texlive/texmf-dist/tex/latex/graphics/keyval.sty
Package: keyval 2014/10/28 v1.15 key=value parser (DPC)
\KV@toks@=\toks14
)
(/usr/share/texlive/texmf-dist/tex/generic/oberdiek/ifpdf.sty
Package: ifpdf 2017/03/15 v3.2 Provides the ifpdf switch
)
(/usr/share/texlive/texmf-dist/tex/generic/oberdiek/ifvtex.sty
Package: ifvtex 2016/05/16 v1.6 Detect VTeX and its facilities (HO)
Package ifvtex Info: VTeX not detected.
)
(/usr/share/texlive/texmf-dist/tex/generic/ifxetex/ifxetex.sty
Package: ifxetex 2010/09/12 v0.6 Provides ifxetex conditional
)
\Gm@cnth=\count87
\Gm@cntv=\count88
\c@Gm@tempcnt=\count89
\Gm@bindingoffset=\dimen103
\Gm@wd@mp=\dimen104
\Gm@odd@mp=\dimen105
\Gm@even@mp=\dimen106
\Gm@layoutwidth=\dimen107
\Gm@layoutheight=\dimen108
\Gm@layouthoffset=\dimen109
\Gm@layoutvoffset=\dimen110
\Gm@dimlist=\toks15
)
(/usr/share/texlive/texmf-dist/tex/latex/oberdiek/pdflscape.sty
Package: pdflscape 2016/05/14 v0.11 Display of landscape pages in PDF (HO)

(/usr/share/texlive/texmf-dist/tex/latex/graphics/lscape.sty
Package: lscape 2000/10/22 v3.01 Landscape Pages (DPC)

(/usr/share/texlive/texmf-dist/tex/latex/graphics/graphics.sty
Package: graphics 2017/06/25 v1.2c Standard LaTeX Graphics (DPC,SPQR)

(/usr/share/texlive/texmf-dist/tex/latex/graphics/trig.sty
Package: trig 2016/01/03 v1.10 sin cos tan (DPC)
)
(/usr/share/texlive/texmf-dist/tex/latex/graphics-cfg/graphics.cfg
File: graphics.cfg 2016/06/04 v1.11 sample graphics configuration
)
Package graphics Info: Driver file: pdftex.def on input line 99.

(/usr/share/texlive/texmf-dist/tex/latex/graphics-def/pdftex.def
File: pdftex.def 2018/01/08 v1.0l Graphics/color driver for pdftex
)))
Package pdflscape Info: Auto-detected driver: pdftex on input line 81.
)
(/usr/share/texlive/texmf-dist/tex/latex/base/fontenc.sty
Package: fontenc 2017/04/05 v2.0i Standard LaTeX package

(/usr/share/texlive/texmf-dist/tex/latex/base/t1enc.def
File: t1enc.def 2017/04/05 v2.0i Standard LaTeX file
LaTeX Font Info:    Redeclaring font encoding T1 on input line 48.
))
(/usr/share/texlive/texmf-dist/tex/latex/microtype/microtype.sty
Package: microtype 2018/01/14 v2.7a Micro-typographical refinements (RS)
\MT@toks=\toks16
\MT@count=\count90
LaTeX Info: Redefining \textls on input line 793.
\MT@outer@kern=\dimen111
LaTeX Info: Redefining \textmicrotypecontext on input line 1339.
\MT@listname@count=\count91

(/usr/share/texlive/texmf-dist/tex/latex/microtype/microtype-pdftex.def
File: microtype-pdftex.def 2018/01/14 v2.7a Definitions specific to pdftex (RS)

LaTeX Info: Redefining \lsstyle on input line 913.
LaTeX Info: Redefining \lslig on input line 913.
\MT@outer@space=\skip43
)
Package microtype Info: Loading configuration file microtype.cfg.

(/usr/share/texlive/texmf-dist/tex/latex/microtype/microtype.cfg
File: microtype.cfg 2018/01/14 v2.7a microtype main configuration file (RS)
))
(/usr/share/texlive/texmf-dist/tex/latex/fancyhdr/fancyhdr.sty
Package: fancyhdr 2017/06/30 v3.9a Extensive control of page headers and footer
s
\f@nch@headwidth=\skip44
\f@nch@O@elh=\skip45
\f@nch@O@erh=\skip46
\f@nch@O@olh=\skip47
\f@nch@O@orh=\skip48
\f@nch@O@elf=\skip49
\f@nch@O@erf=\skip50
\f@nch@O@olf=\skip51
\f@nch@O@orf=\skip52
)
(/usr/share/texlive/texmf-dist/tex/latex/fancyvrb/fancyvrb.sty
Package: fancyvrb 2008/02/07

Style option: `fancyvrb' v2.7a, with DG/SPQR fixes, and firstline=lastline fix 
<2008/02/07> (tvz)
\FV@CodeLineNo=\count92
\FV@InFile=\read1
\FV@TabBox=\box26
\c@FancyVerbLine=\count93
\FV@StepNumber=\count94
\FV@OutFile=\write3
) (/usr/share/texlive/texmf-dist/tex/latex/lipsum/lipsum.sty
Package: lipsum 2014/07/27 v1.3 150 paragraphs of Lorem Ipsum dummy text
\c@lips@count=\count95
) (/usr/share/texlive/texmf-dist/tex/latex/url/url.sty
\Urlmuskip=\muskip10
Package: url 2013/09/16  ver 3.4  Verb mode for urls, etc.
)
(/usr/share/texlive/texmf-dist/tex/latex/listings/listings.sty
\lst@mode=\count96
\lst@gtempboxa=\box27
\lst@token=\toks17
\lst@length=\count97
\lst@currlwidth=\dimen112
\lst@column=\count98
\lst@pos=\count99
\lst@lostspace=\dimen113
\lst@width=\dimen114
\lst@newlines=\count100
\lst@lineno=\count101
\lst@maxwidth=\dimen115

(/usr/share/texlive/texmf-dist/tex/latex/listings/lstmisc.sty
File: lstmisc.sty 2015/06/04 1.6 (Carsten Heinz)
\c@lstnumber=\count102
\lst@skipnumbers=\count103
\lst@framebox=\box28
)
(/usr/share/texlive/texmf-dist/tex/latex/listings/listings.cfg
File: listings.cfg 2015/06/04 1.6 listings configuration
))
Package: listings 2015/06/04 1.6 (Carsten Heinz)

(/usr/share/texlive/texmf-dist/tex/latex/lastpage/lastpage.sty
Package: lastpage 2015/03/29 v1.2m Refers to last page's name (HMM; JPG)
)
(/usr/share/texlive/texmf-dist/tex/latex/enumitem/enumitem.sty
Package: enumitem 2011/09/28 v3.5.2 Customized lists
\labelindent=\skip53
\enit@outerparindent=\dimen116
\enit@toks=\toks18
\enit@inbox=\box29
\enitdp@description=\count104
)
(/usr/share/texlive/texmf-dist/tex/latex/datetime/datetime.sty
Package: datetime 2015/03/20 v2.60 Date Time Package

(/usr/share/texlive/texmf-dist/tex/latex/etoolbox/etoolbox.sty
Package: etoolbox 2018/02/11 v2.5e e-TeX tools for LaTeX (JAW)
\etb@tempcnta=\count105
)
(/usr/share/texlive/texmf-dist/tex/latex/fmtcount/fmtcount.sty
Package: fmtcount 2017/12/24 v3.05

(/usr/share/texlive/texmf-dist/tex/latex/base/ifthen.sty
Package: ifthen 2014/09/29 v1.1c Standard LaTeX ifthen package (DPC)
)
(/usr/share/texlive/texmf-dist/tex/latex/xkeyval/xkeyval.sty
Package: xkeyval 2014/12/03 v2.7a package option processing (HA)

(/usr/share/texlive/texmf-dist/tex/generic/xkeyval/xkeyval.tex
(/usr/share/texlive/texmf-dist/tex/generic/xkeyval/xkvutils.tex
\XKV@toks=\toks19
\XKV@tempa@toks=\toks20
)
\XKV@depth=\count106
File: xkeyval.tex 2014/12/03 v2.7a key=value parser (HA)
))
(/usr/share/texlive/texmf-dist/tex/latex/fmtcount/fcprefix.sty
Package: fcprefix 2012/09/28

(/usr/share/texlive/texmf-dist/tex/latex/fmtcount/fcnumparser.sty
Package: fcnumparser 2017/06/15
\fc@digit@counter=\count107
))
(/usr/share/texlive/texmf-dist/tex/latex/amsmath/amsgen.sty
File: amsgen.sty 1999/11/30 v2.0 generic functions
\@emptytoks=\toks21
\ex@=\dimen117
)
\c@padzeroesN=\count108
\fc@tmpcatcode=\count109
\@DT@modctr=\count110
\@ordinalctr=\count111
\@orgargctr=\count112
\@strctr=\count113
\@tmpstrctr=\count114
\@DT@loopN=\count115
\@DT@X=\count116
)
(/usr/share/texlive/texmf-dist/tex/latex/datetime/datetime-defaults.sty
Package: datetime-defaults 2013/09/10
)
\@day=\count117
\@month=\count118
\@year=\count119
\c@HOUR=\count120
\c@HOURXII=\count121
\c@MINUTE=\count122
\c@TOHOUR=\count123
\c@TOMINUTE=\count124
\c@SECOND=\count125
\currenthour=\count126
\currentminute=\count127
\currentsecond=\count128
Package datetime Info: No datetime.cfg file found, using default settings on in
put line 308.
\@dtctr=\count129
\dayofyear=\count130
\dayofweek=\count131
LaTeX Info: Redefining \today on input line 736.
\dt@a=\toks22
\dt@b=\toks23
)
(/usr/share/texlive/texmf-dist/tex/latex/amscls/amsthm.sty
Package: amsthm 2017/10/31 v2.20.4
\thm@style=\toks24
\thm@bodyfont=\toks25
\thm@headfont=\toks26
\thm@notefont=\toks27
\thm@headpunct=\toks28
\thm@preskip=\skip54
\thm@postskip=\skip55
\thm@headsep=\skip56
\dth@everypar=\toks29
)
(/usr/share/texlive/texmf-dist/tex/latex/graphics/graphicx.sty
Package: graphicx 2017/06/01 v1.1a Enhanced LaTeX Graphics (DPC,SPQR)
\Gin@req@height=\dimen118
\Gin@req@width=\dimen119
)
(/usr/share/texlive/texmf-dist/tex/latex/hyperref/hyperref.sty
Package: hyperref 2018/02/06 v6.86b Hypertext links for LaTeX

(/usr/share/texlive/texmf-dist/tex/generic/oberdiek/hobsub-hyperref.sty
Package: hobsub-hyperref 2016/05/16 v1.14 Bundle oberdiek, subset hyperref (HO)


(/usr/share/texlive/texmf-dist/tex/generic/oberdiek/hobsub-generic.sty
Package: hobsub-generic 2016/05/16 v1.14 Bundle oberdiek, subset generic (HO)
Package: hobsub 2016/05/16 v1.14 Construct package bundles (HO)
Package: infwarerr 2016/05/16 v1.4 Providing info/warning/error messages (HO)
Package: ltxcmds 2016/05/16 v1.23 LaTeX kernel commands for general use (HO)
Package: ifluatex 2016/05/16 v1.4 Provides the ifluatex switch (HO)
Package ifluatex Info: LuaTeX not detected.
Package hobsub Info: Skipping package `ifvtex' (already loaded).
Package: intcalc 2016/05/16 v1.2 Expandable calculations with integers (HO)
Package hobsub Info: Skipping package `ifpdf' (already loaded).
Package: etexcmds 2016/05/16 v1.6 Avoid name clashes with e-TeX commands (HO)
Package etexcmds Info: Could not find \expanded.
(etexcmds)             That can mean that you are not using pdfTeX 1.50 or
(etexcmds)             that some package has redefined \expanded.
(etexcmds)             In the latter case, load this package earlier.
Package: kvsetkeys 2016/05/16 v1.17 Key value parser (HO)
Package: kvdefinekeys 2016/05/16 v1.4 Define keys (HO)
Package: pdftexcmds 2018/01/21 v0.26 Utility functions of pdfTeX for LuaTeX (HO
)
Package pdftexcmds Info: LuaTeX not detected.
Package pdftexcmds Info: \pdf@primitive is available.
Package pdftexcmds Info: \pdf@ifprimitive is available.
Package pdftexcmds Info: \pdfdraftmode found.
Package: pdfescape 2016/05/16 v1.14 Implements pdfTeX's escape features (HO)
Package: bigintcalc 2016/05/16 v1.4 Expandable calculations on big integers (HO
)
Package: bitset 2016/05/16 v1.2 Handle bit-vector datatype (HO)
Package: uniquecounter 2016/05/16 v1.3 Provide unlimited unique counter (HO)
)
Package hobsub Info: Skipping package `hobsub' (already loaded).
Package: letltxmacro 2016/05/16 v1.5 Let assignment for LaTeX macros (HO)
Package: hopatch 2016/05/16 v1.3 Wrapper for package hooks (HO)
Package: xcolor-patch 2016/05/16 xcolor patch
Package: atveryend 2016/05/16 v1.9 Hooks at the very end of document (HO)
Package: atbegshi 2016/06/09 v1.18 At begin shipout hook (HO)
Package: refcount 2016/05/16 v3.5 Data extraction from label references (HO)
Package: hycolor 2016/05/16 v1.8 Color options for hyperref/bookmark (HO)
)
(/usr/share/texlive/texmf-dist/tex/latex/oberdiek/auxhook.sty
Package: auxhook 2016/05/16 v1.4 Hooks for auxiliary files (HO)
)
(/usr/share/texlive/texmf-dist/tex/latex/oberdiek/kvoptions.sty
Package: kvoptions 2016/05/16 v3.12 Key value format for package options (HO)
)
\@linkdim=\dimen120
\Hy@linkcounter=\count132
\Hy@pagecounter=\count133

(/usr/share/texlive/texmf-dist/tex/latex/hyperref/pd1enc.def
File: pd1enc.def 2018/02/06 v6.86b Hyperref: PDFDocEncoding definition (HO)
)
\Hy@SavedSpaceFactor=\count134

(/usr/share/texlive/texmf-dist/tex/latex/latexconfig/hyperref.cfg
File: hyperref.cfg 2002/06/06 v1.2 hyperref configuration of TeXLive
)
Package hyperref Info: Hyper figures OFF on input line 4509.
Package hyperref Info: Link nesting OFF on input line 4514.
Package hyperref Info: Hyper index ON on input line 4517.
Package hyperref Info: Plain pages OFF on input line 4524.
Package hyperref Info: Backreferencing OFF on input line 4529.
Package hyperref Info: Implicit mode ON; LaTeX internals redefined.
Package hyperref Info: Bookmarks ON on input line 4762.
\c@Hy@tempcnt=\count135
LaTeX Info: Redefining \url on input line 5115.
\XeTeXLinkMargin=\dimen121
\Fld@menulength=\count136
\Field@Width=\dimen122
\Fld@charsize=\dimen123
Package hyperref Info: Hyper figures OFF on input line 6369.
Package hyperref Info: Link nesting OFF on input line 6374.
Package hyperref Info: Hyper index ON on input line 6377.
Package hyperref Info: backreferencing OFF on input line 6384.
Package hyperref Info: Link coloring OFF on input line 6389.
Package hyperref Info: Link coloring with OCG OFF on input line 6394.
Package hyperref Info: PDF/A mode OFF on input line 6399.
LaTeX Info: Redefining \ref on input line 6439.
LaTeX Info: Redefining \pageref on input line 6443.
\Hy@abspage=\count137
\c@Item=\count138
\c@Hfootnote=\count139
)
Package hyperref Info: Driver (autodetected): hpdftex.

(/usr/share/texlive/texmf-dist/tex/latex/hyperref/hpdftex.def
File: hpdftex.def 2018/02/06 v6.86b Hyperref driver for pdfTeX
\Fld@listcount=\count140
\c@bookmark@seq@number=\count141

(/usr/share/texlive/texmf-dist/tex/latex/oberdiek/rerunfilecheck.sty
Package: rerunfilecheck 2016/05/16 v1.8 Rerun checks for auxiliary files (HO)
Package uniquecounter Info: New unique counter `rerunfilecheck' on input line 2
82.
)
\Hy@SectionHShift=\skip57
)
(/usr/share/texlive/texmf-dist/tex/latex/caption/caption.sty
Package: caption 2016/02/21 v3.3-144 Customizing captions (AR)

(/usr/share/texlive/texmf-dist/tex/latex/caption/caption3.sty
Package: caption3 2016/05/22 v1.7-166 caption3 kernel (AR)
Package caption3 Info: TeX engine: e-TeX on input line 67.
\captionmargin=\dimen124
\captionmargin@=\dimen125
\captionwidth=\dimen126
\caption@tempdima=\dimen127
\caption@indent=\dimen128
\caption@parindent=\dimen129
\caption@hangindent=\dimen130
)
\c@ContinuedFloat=\count142
Package caption Info: hyperref package is loaded.
Package caption Info: listings package is loaded.
)
(/usr/share/texlive/texmf-dist/tex/latex/minted/minted.sty
Package: minted 2017/07/19 v2.5 Yet another Pygments shim for LaTeX

(/usr/share/texlive/texmf-dist/tex/latex/fvextra/fvextra.sty
Package: fvextra 2017/07/08 v1.3.1 fvextra - extensions and patches for fancyvr
b

(/usr/share/texlive/texmf-dist/tex/latex/upquote/upquote.sty
Package: upquote 2012/04/19 v1.3 upright-quote and grave-accent glyphs in verba
tim

(/usr/share/texlive/texmf-dist/tex/latex/base/textcomp.sty
Package: textcomp 2017/04/05 v2.0i Standard LaTeX package
Package textcomp Info: Sub-encoding information:
(textcomp)               5 = only ISO-Adobe without \textcurrency
(textcomp)               4 = 5 + \texteuro
(textcomp)               3 = 4 + \textohm
(textcomp)               2 = 3 + \textestimated + \textcurrency
(textcomp)               1 = TS1 - \textcircled - \t
(textcomp)               0 = TS1 (full)
(textcomp)             Font families with sub-encoding setting implement
(textcomp)             only a restricted character set as indicated.
(textcomp)             Family '?' is the default used for unknown fonts.
(textcomp)             See the documentation for details.
Package textcomp Info: Setting ? sub-encoding to TS1/1 on input line 79.

(/usr/share/texlive/texmf-dist/tex/latex/base/ts1enc.def
File: ts1enc.def 2001/06/05 v3.0e (jk/car/fm) Standard LaTeX file
)
LaTeX Info: Redefining \oldstylenums on input line 334.
Package textcomp Info: Setting cmr sub-encoding to TS1/0 on input line 349.
Package textcomp Info: Setting cmss sub-encoding to TS1/0 on input line 350.
Package textcomp Info: Setting cmtt sub-encoding to TS1/0 on input line 351.
Package textcomp Info: Setting cmvtt sub-encoding to TS1/0 on input line 352.
Package textcomp Info: Setting cmbr sub-encoding to TS1/0 on input line 353.
Package textcomp Info: Setting cmtl sub-encoding to TS1/0 on input line 354.
Package textcomp Info: Setting ccr sub-encoding to TS1/0 on input line 355.
Package textcomp Info: Setting ptm sub-encoding to TS1/4 on input line 356.
Package textcomp Info: Setting pcr sub-encoding to TS1/4 on input line 357.
Package textcomp Info: Setting phv sub-encoding to TS1/4 on input line 358.
Package textcomp Info: Setting ppl sub-encoding to TS1/3 on input line 359.
Package textcomp Info: Setting pag sub-encoding to TS1/4 on input line 360.
Package textcomp Info: Setting pbk sub-encoding to TS1/4 on input line 361.
Package textcomp Info: Setting pnc sub-encoding to TS1/4 on input line 362.
Package textcomp Info: Setting pzc sub-encoding to TS1/4 on input line 363.
Package textcomp Info: Setting bch sub-encoding to TS1/4 on input line 364.
Package textcomp Info: Setting put sub-encoding to TS1/5 on input line 365.
Package textcomp Info: Setting uag sub-encoding to TS1/5 on input line 366.
Package textcomp Info: Setting ugq sub-encoding to TS1/5 on input line 367.
Package textcomp Info: Setting ul8 sub-encoding to TS1/4 on input line 368.
Package textcomp Info: Setting ul9 sub-encoding to TS1/4 on input line 369.
Package textcomp Info: Setting augie sub-encoding to TS1/5 on input line 370.
Package textcomp Info: Setting dayrom sub-encoding to TS1/3 on input line 371.
Package textcomp Info: Setting dayroms sub-encoding to TS1/3 on input line 372.

Package textcomp Info: Setting pxr sub-encoding to TS1/0 on input line 373.
Package textcomp Info: Setting pxss sub-encoding to TS1/0 on input line 374.
Package textcomp Info: Setting pxtt sub-encoding to TS1/0 on input line 375.
Package textcomp Info: Setting txr sub-encoding to TS1/0 on input line 376.
Package textcomp Info: Setting txss sub-encoding to TS1/0 on input line 377.
Package textcomp Info: Setting txtt sub-encoding to TS1/0 on input line 378.
Package textcomp Info: Setting lmr sub-encoding to TS1/0 on input line 379.
Package textcomp Info: Setting lmdh sub-encoding to TS1/0 on input line 380.
Package textcomp Info: Setting lmss sub-encoding to TS1/0 on input line 381.
Package textcomp Info: Setting lmssq sub-encoding to TS1/0 on input line 382.
Package textcomp Info: Setting lmvtt sub-encoding to TS1/0 on input line 383.
Package textcomp Info: Setting lmtt sub-encoding to TS1/0 on input line 384.
Package textcomp Info: Setting qhv sub-encoding to TS1/0 on input line 385.
Package textcomp Info: Setting qag sub-encoding to TS1/0 on input line 386.
Package textcomp Info: Setting qbk sub-encoding to TS1/0 on input line 387.
Package textcomp Info: Setting qcr sub-encoding to TS1/0 on input line 388.
Package textcomp Info: Setting qcs sub-encoding to TS1/0 on input line 389.
Package textcomp Info: Setting qpl sub-encoding to TS1/0 on input line 390.
Package textcomp Info: Setting qtm sub-encoding to TS1/0 on input line 391.
Package textcomp Info: Setting qzc sub-encoding to TS1/0 on input line 392.
Package textcomp Info: Setting qhvc sub-encoding to TS1/0 on input line 393.
Package textcomp Info: Setting futs sub-encoding to TS1/4 on input line 394.
Package textcomp Info: Setting futx sub-encoding to TS1/4 on input line 395.
Package textcomp Info: Setting futj sub-encoding to TS1/4 on input line 396.
Package textcomp Info: Setting hlh sub-encoding to TS1/3 on input line 397.
Package textcomp Info: Setting hls sub-encoding to TS1/3 on input line 398.
Package textcomp Info: Setting hlst sub-encoding to TS1/3 on input line 399.
Package textcomp Info: Setting hlct sub-encoding to TS1/5 on input line 400.
Package textcomp Info: Setting hlx sub-encoding to TS1/5 on input line 401.
Package textcomp Info: Setting hlce sub-encoding to TS1/5 on input line 402.
Package textcomp Info: Setting hlcn sub-encoding to TS1/5 on input line 403.
Package textcomp Info: Setting hlcw sub-encoding to TS1/5 on input line 404.
Package textcomp Info: Setting hlcf sub-encoding to TS1/5 on input line 405.
Package textcomp Info: Setting pplx sub-encoding to TS1/3 on input line 406.
Package textcomp Info: Setting pplj sub-encoding to TS1/3 on input line 407.
Package textcomp Info: Setting ptmx sub-encoding to TS1/4 on input line 408.
Package textcomp Info: Setting ptmj sub-encoding to TS1/4 on input line 409.
))
(/usr/share/texlive/texmf-dist/tex/latex/lineno/lineno.sty
Package: lineno 2005/11/02 line numbers on paragraphs v4.41
\linenopenalty=\count143
\output=\toks30
\linenoprevgraf=\count144
\linenumbersep=\dimen131
\linenumberwidth=\dimen132
\c@linenumber=\count145
\c@pagewiselinenumber=\count146
\c@LN@truepage=\count147
\c@internallinenumber=\count148
\c@internallinenumbers=\count149
\quotelinenumbersep=\dimen133
\bframerule=\dimen134
\bframesep=\dimen135
\bframebox=\box30
LaTeX Info: Redefining \\ on input line 3056.
)
\c@FV@TrueTabGroupLevel=\count150
\c@FV@TrueTabCounter=\count151
\FV@TabBox@Group=\box31
\FV@TmpLength=\skip58
\c@FV@HighlightLinesStart=\count152
\c@FV@HighlightLinesStop=\count153
\FV@LoopCount=\count154
\FV@NCharsBox=\box32
\FV@BreakIndent=\dimen136
\FV@BreakIndentNChars=\count155
\FV@BreakSymbolSepLeft=\dimen137
\FV@BreakSymbolSepLeftNChars=\count156
\FV@BreakSymbolSepRight=\dimen138
\FV@BreakSymbolSepRightNChars=\count157
\FV@BreakSymbolIndentLeft=\dimen139
\FV@BreakSymbolIndentLeftNChars=\count158
\FV@BreakSymbolIndentRight=\dimen140
\FV@BreakSymbolIndentRightNChars=\count159
\c@FancyVerbLineBreakLast=\count160
\FV@LineBox=\box33
\FV@LineIndentBox=\box34
)
(/usr/share/texlive/texmf-dist/tex/latex/tools/calc.sty
Package: calc 2014/10/28 v4.3 Infix arithmetic (KKT,FJ)
\calc@Acount=\count161
\calc@Bcount=\count162
\calc@Adimen=\dimen141
\calc@Bdimen=\dimen142
\calc@Askip=\skip59
\calc@Bskip=\skip60
LaTeX Info: Redefining \setlength on input line 80.
LaTeX Info: Redefining \addtolength on input line 81.
\calc@Ccount=\count163
\calc@Cskip=\skip61
)
(/usr/share/texlive/texmf-dist/tex/latex/tools/shellesc.sty
Package: shellesc 2016/06/07 v0.02a unified shell escape interface for LaTeX
Package shellesc Info: Unrestricted shell escape enabled on input line 67.
)
(/usr/share/texlive/texmf-dist/tex/latex/ifplatform/ifplatform.sty
Package: ifplatform 2017/10/13 v0.4a Testing for the operating system

(/usr/share/texlive/texmf-dist/tex/generic/oberdiek/catchfile.sty
Package: catchfile 2016/05/16 v1.7 Catch the contents of a file (HO)
)
runsystem(uname -s > "toma.w18")...executed.

 (./toma.w18)
runsystem(rm -- "toma.w18")...executed.

) (/usr/share/texlive/texmf-dist/tex/generic/xstring/xstring.sty
(/usr/share/texlive/texmf-dist/tex/generic/xstring/xstring.tex
\@xs@message=\write4
\integerpart=\count164
\decimalpart=\count165
)
Package: xstring 2013/10/13  v1.7c  String manipulations (C Tellechea)
)
(/usr/share/texlive/texmf-dist/tex/latex/framed/framed.sty
Package: framed 2011/10/22 v 0.96: framed or shaded text with page breaks
\OuterFrameSep=\skip62
\fb@frw=\dimen143
\fb@frh=\dimen144
\FrameRule=\dimen145
\FrameSep=\dimen146
)
(/usr/share/texlive/texmf-dist/tex/latex/caption/newfloat.sty
Package: newfloat 2015/09/17 v1.1-109 Defining new floating environments (AR)
)
\minted@appexistsfile=\read2
\minted@bgbox=\box35
\minted@code=\write5
\c@minted@FancyVerbLineTemp=\count166
\c@minted@pygmentizecounter=\count167
Package newfloat Info: New float `listing' with options `fileext=lol,placement=
tbp' on input line 1151.
\c@listing=\count168
\newfloat@ftype=\count169
Package newfloat Info: float type `listing'=8 on input line 1151.
)
runsystem(mkdir -p _minted-toma)...executed.


(/usr/share/texlive/texmf-dist/tex/latex/float/float.sty
Package: float 2001/11/08 v1.3d Float enhancements (AL)
\c@float@type=\count170
\float@exts=\toks31
\float@box=\box36
\@float@everytoks=\toks32
\@floatcapt=\box37
)
(/usr/share/texlive/texmf-dist/tex/latex/xcolor/xcolor.sty
Package: xcolor 2016/05/11 v2.12 LaTeX color extensions (UK)

(/usr/share/texlive/texmf-dist/tex/latex/graphics-cfg/color.cfg
File: color.cfg 2016/01/02 v1.6 sample color configuration
)
Package xcolor Info: Driver file: pdftex.def on input line 225.
Package xcolor Info: Model `cmy' substituted by `cmy0' on input line 1348.
Package xcolor Info: Model `hsb' substituted by `rgb' on input line 1352.
Package xcolor Info: Model `RGB' extended on input line 1364.
Package xcolor Info: Model `HTML' substituted by `rgb' on input line 1366.
Package xcolor Info: Model `Hsb' substituted by `hsb' on input line 1367.
Package xcolor Info: Model `tHsb' substituted by `hsb' on input line 1368.
Package xcolor Info: Model `HSB' substituted by `hsb' on input line 1369.
Package xcolor Info: Model `Gray' substituted by `gray' on input line 1370.
Package xcolor Info: Model `wave' substituted by `hsb' on input line 1371.
)
runsystem(which pygmentize && touch toma.aex)...executed.

runsystem(rm toma.aex)...executed.

 (./toma.aux

LaTeX Warning: Label `code:assembly' multiply defined.

)
\openout1 = `toma.aux'.

LaTeX Font Info:    Checking defaults for OML/cmm/m/it on input line 50.
LaTeX Font Info:    ... okay on input line 50.
LaTeX Font Info:    Checking defaults for T1/cmr/m/n on input line 50.
LaTeX Font Info:    ... okay on input line 50.
LaTeX Font Info:    Checking defaults for OT1/cmr/m/n on input line 50.
LaTeX Font Info:    ... okay on input line 50.
LaTeX Font Info:    Checking defaults for OMS/cmsy/m/n on input line 50.
LaTeX Font Info:    ... okay on input line 50.
LaTeX Font Info:    Checking defaults for OMX/cmex/m/n on input line 50.
LaTeX Font Info:    ... okay on input line 50.
LaTeX Font Info:    Checking defaults for U/cmr/m/n on input line 50.
LaTeX Font Info:    ... okay on input line 50.
LaTeX Font Info:    Checking defaults for PD1/pdf/m/n on input line 50.
LaTeX Font Info:    ... okay on input line 50.
LaTeX Font Info:    Checking defaults for TS1/cmr/m/n on input line 50.
LaTeX Font Info:    Try loading font information for TS1+cmr on input line 50.
 (/usr/share/texlive/texmf-dist/tex/latex/base/ts1cmr.fd
File: ts1cmr.fd 2014/09/29 v2.5h Standard LaTeX font definitions
)
LaTeX Font Info:    ... okay on input line 50.

*geometry* driver: auto-detecting
*geometry* detected driver: pdftex
*geometry* verbose mode - [ preamble ] result:
* driver: pdftex
* paper: a4paper
* layout: <same size as paper>
* layoutoffset:(h,v)=(0.0pt,0.0pt)
* modes: includehead includefoot heightrounded 
* h-part:(L,W,R)=(56.9055pt, 497.92325pt, 42.67912pt)
* v-part:(T,H,B)=(42.67912pt, 773.91498pt, 28.45274pt)
* \paperwidth=597.50787pt
* \paperheight=845.04684pt
* \textwidth=497.92325pt
* \textheight=691.0003pt
* \oddsidemargin=-15.36449pt
* \evensidemargin=-15.36449pt
* \topmargin=-29.59087pt
* \headheight=25.22153pt
* \headsep=25.0pt
* \topskip=11.0pt
* \footskip=30.0pt
* \marginparwidth=50.0pt
* \marginparsep=10.0pt
* \columnsep=10.0pt
* \skip\footins=10.0pt plus 4.0pt minus 2.0pt
* \hoffset=0.0pt
* \voffset=0.0pt
* \mag=1000
* \@twocolumnfalse
* \@twosidefalse
* \@mparswitchfalse
* \@reversemarginfalse
* (1in=72.27pt=25.4mm, 1cm=28.453pt)

(/usr/share/texlive/texmf-dist/tex/context/base/mkii/supp-pdf.mkii
[Loading MPS to PDF converter (version 2006.09.02).]
\scratchcounter=\count171
\scratchdimen=\dimen147
\scratchbox=\box38
\nofMPsegments=\count172
\nofMParguments=\count173
\everyMPshowfont=\toks33
\MPscratchCnt=\count174
\MPscratchDim=\dimen148
\MPnumerator=\count175
\makeMPintoPDFobject=\count176
\everyMPtoPDFconversion=\toks34
) (/usr/share/texlive/texmf-dist/tex/latex/oberdiek/epstopdf-base.sty
Package: epstopdf-base 2016/05/15 v2.6 Base part for package epstopdf

(/usr/share/texlive/texmf-dist/tex/latex/oberdiek/grfext.sty
Package: grfext 2016/05/16 v1.2 Manage graphics extensions (HO)
)
Package epstopdf-base Info: Redefining graphics rule for `.eps' on input line 4
38.
Package grfext Info: Graphics extension search list:
(grfext)             [.pdf,.png,.jpg,.mps,.jpeg,.jbig2,.jb2,.PDF,.PNG,.JPG,.JPE
G,.JBIG2,.JB2,.eps]
(grfext)             \AppendGraphicsExtensions on input line 456.

(/usr/share/texlive/texmf-dist/tex/latex/latexconfig/epstopdf-sys.cfg
File: epstopdf-sys.cfg 2010/07/13 v1.3 Configuration of (r)epstopdf for TeX Liv
e
))
LaTeX Info: Redefining \microtypecontext on input line 50.
Package microtype Info: Generating PDF output.
Package microtype Info: Character protrusion enabled (level 2).
Package microtype Info: Using default protrusion set `alltext'.
Package microtype Info: Automatic font expansion enabled (level 2),
(microtype)             stretch: 20, shrink: 20, step: 1, non-selected.
Package microtype Info: Using default expansion set `basictext'.
Package microtype Info: No adjustment of tracking.
Package microtype Info: No adjustment of interword spacing.
Package microtype Info: No adjustment of character kerning.

(/usr/share/texlive/texmf-dist/tex/latex/microtype/mt-cmr.cfg
File: mt-cmr.cfg 2013/05/19 v2.2 microtype config. file: Computer Modern Roman 
(RS)
)
\c@lstlisting=\count177
Package lastpage Info: Please have a look at the pageslts package at
(lastpage)             https://www.ctan.org/pkg/pageslts
(lastpage)             ! on input line 50.

(/usr/share/texlive/texmf-dist/tex/latex/fmtcount/fc-english.def
File: fc-english.def 2016/01/12
)
\AtBeginShipoutBox=\box39
Package hyperref Info: Link coloring OFF on input line 50.

(/usr/share/texlive/texmf-dist/tex/latex/hyperref/nameref.sty
Package: nameref 2016/05/21 v2.44 Cross-referencing by name of section

(/usr/share/texlive/texmf-dist/tex/generic/oberdiek/gettitlestring.sty
Package: gettitlestring 2016/05/16 v1.5 Cleanup title references (HO)
)
\c@section@level=\count178
)
LaTeX Info: Redefining \ref on input line 50.
LaTeX Info: Redefining \pageref on input line 50.
LaTeX Info: Redefining \nameref on input line 50.

(./toma.out) (./toma.out)
\@outlinefile=\write6
\openout6 = `toma.out'.

Package caption Info: Begin \AtBeginDocument code.
Package caption Info: float package is loaded.
Package caption Info: End \AtBeginDocument code.
 (./toma.toc
LaTeX Font Info:    External font `cmex10' loaded for size
(Font)              <10.95> on input line 3.
LaTeX Font Info:    External font `cmex10' loaded for size
(Font)              <8> on input line 3.
LaTeX Font Info:    External font `cmex10' loaded for size
(Font)              <6> on input line 3.
)
\tf@toc=\write7
\openout7 = `toma.toc'.

 [1{/var/lib/texmf/fonts/map/pdftex/updmap/pdftex.map}

] [2]
<x86-64.png, id=195, 619.31375pt x 354.32375pt>
File: x86-64.png Graphic file (type png)
<use x86-64.png>
Package pdftex.def Info: x86-64.png  used on input line 158.
(pdftex.def)             Requested size: 289.07999pt x 165.3968pt.
<armv8.png, id=197, 689.57625pt x 460.72125pt>
File: armv8.png Graphic file (type png)
<use armv8.png>
Package pdftex.def Info: armv8.png  used on input line 166.
(pdftex.def)             Requested size: 289.07999pt x 193.14307pt.
\openout5 = `toma.pyg'.

 (./_minted-toma/default-pyg-prefix.pygstyle)
(./_minted-toma/default.pygstyle)
(./_minted-toma/C489352FC8F68728D62C75252FB666AC9A2AA98B9A16B1CB0BEDDA65140618B
6.pygtex
LaTeX Font Info:    Try loading font information for T1+cmtt on input line 1.
 (/usr/share/texlive/texmf-dist/tex/latex/base/t1cmtt.fd
File: t1cmtt.fd 2014/09/29 v2.5h Standard LaTeX font definitions
)
Package microtype Info: Loading generic protrusion settings for font family
(microtype)             `cmtt' (encoding: T1).
(microtype)             For optimal results, create family-specific settings.
(microtype)             See the microtype manual for details.
) [3 <./x86-64.png> <./armv8.png>]
\openout5 = `toma.pyg'.


(./_minted-toma/584392845F2A8194D05F0B13FE70EA429A2AA98B9A16B1CB0BEDDA65140618B
6.pygtex)
<ins_format.png, id=208, 1003.75pt x 193.72375pt>
File: ins_format.png Graphic file (type png)
<use ins_format.png>
Package pdftex.def Info: ins_format.png  used on input line 194.
(pdftex.def)             Requested size: 325.215pt x 62.76732pt.
Package hyperref Info: bookmark level for unknown listing defaults to 0 on inpu
t line 202.
\openout3 = `toma.pyg'.


(./_minted-toma/E212D91FA94F033F6723EA921B33D6AF546677A2B0D9A2AF13D34810DCBE51A
7.pygtex
LaTeX Font Info:    Font shape `T1/cmtt/bx/n' in size <10.95> not available
(Font)              Font shape `T1/cmtt/m/n' tried instead on input line 2.
)
\openout3 = `toma.pyg'.


(./_minted-toma/613EC396540C37B81D8AF71B5C5AACEDCF9E22A70B8FCA9534D117D960C75F5
7.pygtex)
\openout3 = `toma.pyg'.


(./_minted-toma/876882E372CA6B9BE7ADCAB3C1B740ACCF9E22A70B8FCA9534D117D960C75F5
7.pygtex) [4 <./ins_format.png>]
\openout3 = `toma.pyg'.


(./_minted-toma/0ECC5DBCAA9E99AC1D0F3BFBABB4CAB9546677A2B0D9A2AF13D34810DCBE51A
7.pygtex) [5]
<redhorse500.png, id=231, 927.465pt x 211.54031pt>
File: redhorse500.png Graphic file (type png)
<use redhorse500.png>
Package pdftex.def Info: redhorse500.png  used on input line 268.
(pdftex.def)             Requested size: 758.83499pt x 173.08005pt.

Overfull \hbox (67.83469pt too wide) in paragraph at lines 268--269
 [] 
 []

[6

 <./redhorse500.png>]
\openout5 = `toma.pyg'.


(./_minted-toma/99128F2DF248FECC9D7CE25788E2D11B546677A2B0D9A2AF13D34810DCBE51A
7.pygtex)
\openout3 = `toma.pyg'.


(./_minted-toma/C772B4F370449191F8D5AA225F443F1E546677A2B0D9A2AF13D34810DCBE51A
7.pygtex)
<pc.png, id=237, 784.43062pt x 359.84438pt>
File: pc.png Graphic file (type png)
<use pc.png>
Package pdftex.def Info: pc.png  used on input line 295.
(pdftex.def)             Requested size: 144.54pt x 66.30112pt.
\openout5 = `toma.pyg'.


(./_minted-toma/9B73B59D38D2FA5E31D50E4484B681BE546677A2B0D9A2AF13D34810DCBE51A
7.pygtex)
\openout5 = `toma.pyg'.


(./_minted-toma/161033103E1321B68B278A25020D67CE546677A2B0D9A2AF13D34810DCBE51A
7.pygtex)
\openout5 = `toma.pyg'.


(./_minted-toma/96110B1812550578A6F94FB47A055B5B546677A2B0D9A2AF13D34810DCBE51A
7.pygtex)
\openout5 = `toma.pyg'.


(./_minted-toma/4CE3A7B0149F561B14622FCFEB880AFE546677A2B0D9A2AF13D34810DCBE51A
7.pygtex)
\openout5 = `toma.pyg'.


(./_minted-toma/27BE0D510B464BF6EE4F142BD3E43D5B546677A2B0D9A2AF13D34810DCBE51A
7.pygtex)
\openout3 = `toma.pyg'.


(./_minted-toma/743B67A4890922995BF78D5E36E9FE12546677A2B0D9A2AF13D34810DCBE51A
7.pygtex)
<im.png, id=238, 675.27281pt x 408.77719pt>
File: im.png Graphic file (type png)
<use im.png>
Package pdftex.def Info: im.png  used on input line 330.
(pdftex.def)             Requested size: 144.54pt x 87.49242pt.
 [7

 <./pc.png>]
\openout3 = `toma.pyg'.


(./_minted-toma/6099972A72185101D8627BFBAA270098546677A2B0D9A2AF13D34810DCBE51A
7.pygtex)
\openout5 = `toma.pyg'.


(./_minted-toma/3CB257981AEBF5E091429214E3C95AF7546677A2B0D9A2AF13D34810DCBE51A
7.pygtex)
\openout5 = `toma.pyg'.


(./_minted-toma/53DF97B7BAB7259ED57C7A5F04A48744546677A2B0D9A2AF13D34810DCBE51A
7.pygtex)
\openout5 = `toma.pyg'.


(./_minted-toma/93D7725789B491DBFB39C4E2FF8D87D3546677A2B0D9A2AF13D34810DCBE51A
7.pygtex)
\openout5 = `toma.pyg'.


(./_minted-toma/3F4811DA8FCEA4DB2E04FC4BA7F53F5F546677A2B0D9A2AF13D34810DCBE51A
7.pygtex)
\openout5 = `toma.pyg'.


(./_minted-toma/6A32B27176050F691AD8559C63F904FC546677A2B0D9A2AF13D34810DCBE51A
7.pygtex)
\openout5 = `toma.pyg'.


(./_minted-toma/0D358B08729353F05427B11BC63B6152546677A2B0D9A2AF13D34810DCBE51A
7.pygtex)
\openout5 = `toma.pyg'.


(./_minted-toma/0D358B08729353F05427B11BC63B6152546677A2B0D9A2AF13D34810DCBE51A
7.pygtex)
\openout5 = `toma.pyg'.


(./_minted-toma/78285AFCC086F3809AD95C3B8A893B0C546677A2B0D9A2AF13D34810DCBE51A
7.pygtex)
\openout3 = `toma.pyg'.


(./_minted-toma/48455D53505B6FBAC824C11BE628CC99546677A2B0D9A2AF13D34810DCBE51A
7.pygtex) [8 <./im.png>]
<rf.png, id=259, 476.53032pt x 411.03563pt>
File: rf.png Graphic file (type png)
<use rf.png>
Package pdftex.def Info: rf.png  used on input line 389.
(pdftex.def)             Requested size: 144.54pt x 124.67264pt.
\openout3 = `toma.pyg'.


(./_minted-toma/1E5BD703EEAB671A1FDB6CAA6DB9D7AB546677A2B0D9A2AF13D34810DCBE51A
7.pygtex)
\openout5 = `toma.pyg'.


(./_minted-toma/78285AFCC086F3809AD95C3B8A893B0C546677A2B0D9A2AF13D34810DCBE51A
7.pygtex)
\openout5 = `toma.pyg'.


(./_minted-toma/93D7725789B491DBFB39C4E2FF8D87D3546677A2B0D9A2AF13D34810DCBE51A
7.pygtex)
\openout5 = `toma.pyg'.


(./_minted-toma/3F4811DA8FCEA4DB2E04FC4BA7F53F5F546677A2B0D9A2AF13D34810DCBE51A
7.pygtex)
\openout5 = `toma.pyg'.


(./_minted-toma/D5424D89418C330DE795902205B1D6CA546677A2B0D9A2AF13D34810DCBE51A
7.pygtex)
\openout5 = `toma.pyg'.


(./_minted-toma/3F4811DA8FCEA4DB2E04FC4BA7F53F5F546677A2B0D9A2AF13D34810DCBE51A
7.pygtex)
\openout5 = `toma.pyg'.


(./_minted-toma/78285AFCC086F3809AD95C3B8A893B0C546677A2B0D9A2AF13D34810DCBE51A
7.pygtex)
\openout3 = `toma.pyg'.


(./_minted-toma/B2D8A15D1F1FBE3A2D664CAF0653319C546677A2B0D9A2AF13D34810DCBE51A
7.pygtex) [9 <./rf.png>]
<alu.png, id=270, 577.40718pt x 413.29407pt>
File: alu.png Graphic file (type png)
<use alu.png>
Package pdftex.def Info: alu.png  used on input line 435.
(pdftex.def)             Requested size: 144.54pt x 103.45569pt.
\openout5 = `toma.pyg'.


(./_minted-toma/7C6E04A9A1985177FF131A578F19361A546677A2B0D9A2AF13D34810DCBE51A
7.pygtex)
\openout5 = `toma.pyg'.


(./_minted-toma/9059D763ED6EBCDB0D1DD27B82FDAAE8546677A2B0D9A2AF13D34810DCBE51A
7.pygtex)
\openout5 = `toma.pyg'.


(./_minted-toma/78285AFCC086F3809AD95C3B8A893B0C546677A2B0D9A2AF13D34810DCBE51A
7.pygtex)
\openout5 = `toma.pyg'.


(./_minted-toma/9478FE03B831AECE0693226B9DC0DC72546677A2B0D9A2AF13D34810DCBE51A
7.pygtex)
\openout5 = `toma.pyg'.


(./_minted-toma/494CD64F669CFA9C1B500785B9E05506546677A2B0D9A2AF13D34810DCBE51A
7.pygtex)
\openout3 = `toma.pyg'.


(./_minted-toma/486B2678DA474EB1CC92962A8277915E546677A2B0D9A2AF13D34810DCBE51A
7.pygtex)
<control_unit.png, id=272, 710.655pt x 417.81094pt>
File: control_unit.png Graphic file (type png)
<use control_unit.png>
Package pdftex.def Info: control_unit.png  used on input line 470.
(pdftex.def)             Requested size: 144.54pt x 84.97601pt.
 [10 <./alu.png>]
\openout5 = `toma.pyg'.


(./_minted-toma/0D358B08729353F05427B11BC63B6152546677A2B0D9A2AF13D34810DCBE51A
7.pygtex)
\openout5 = `toma.pyg'.


(./_minted-toma/53DF97B7BAB7259ED57C7A5F04A48744546677A2B0D9A2AF13D34810DCBE51A
7.pygtex)
\openout5 = `toma.pyg'.


(./_minted-toma/0D358B08729353F05427B11BC63B6152546677A2B0D9A2AF13D34810DCBE51A
7.pygtex)
\openout5 = `toma.pyg'.


(./_minted-toma/78285AFCC086F3809AD95C3B8A893B0C546677A2B0D9A2AF13D34810DCBE51A
7.pygtex)
\openout5 = `toma.pyg'.


(./_minted-toma/0D358B08729353F05427B11BC63B6152546677A2B0D9A2AF13D34810DCBE51A
7.pygtex)
\openout5 = `toma.pyg'.


(./_minted-toma/53DF97B7BAB7259ED57C7A5F04A48744546677A2B0D9A2AF13D34810DCBE51A
7.pygtex)
\openout3 = `toma.pyg'.


(./_minted-toma/06C6A46A1F37B1CB70CED97FBF8548FA546677A2B0D9A2AF13D34810DCBE51A
7.pygtex)
\openout5 = `toma.pyg'.


(./_minted-toma/3F4811DA8FCEA4DB2E04FC4BA7F53F5F546677A2B0D9A2AF13D34810DCBE51A
7.pygtex)
\openout5 = `toma.pyg'.


(./_minted-toma/53DF97B7BAB7259ED57C7A5F04A48744546677A2B0D9A2AF13D34810DCBE51A
7.pygtex)
\openout5 = `toma.pyg'.


(./_minted-toma/78285AFCC086F3809AD95C3B8A893B0C546677A2B0D9A2AF13D34810DCBE51A
7.pygtex)
\openout3 = `toma.pyg'.


(./_minted-toma/D737CF670902A64612CE9ECA5F96EFBC546677A2B0D9A2AF13D34810DCBE51A
7.pygtex)
\openout5 = `toma.pyg'.


(./_minted-toma/78285AFCC086F3809AD95C3B8A893B0C546677A2B0D9A2AF13D34810DCBE51A
7.pygtex)
\openout5 = `toma.pyg'.


(./_minted-toma/0D358B08729353F05427B11BC63B6152546677A2B0D9A2AF13D34810DCBE51A
7.pygtex)
\openout3 = `toma.pyg'.


(./_minted-toma/899877E9F2BF6E51C20CB3EDC8CE4D13546677A2B0D9A2AF13D34810DCBE51A
7.pygtex) [11 <./control_unit.png>]
<sim.png, id=296, 828.09375pt x 649.42625pt>
File: sim.png Graphic file (type png)
<use sim.png>
Package pdftex.def Info: sim.png  used on input line 546.
(pdftex.def)             Requested size: 433.62pt x 340.07195pt.
 [12 <./sim.png>]

LaTeX Warning: Reference `fig:sram3' on page 13 undefined on input line 580.

(./toma.bbl
Underfull \hbox (badness 10000) in paragraph at lines 4--9
[]\T1/cmr/m/n/10.95 (+20) Intel core i5-8250u pro-ces-sor (6m cache, up to 3.40
 ghz) prod-uct spec-i-
 []


Underfull \hbox (badness 10000) in paragraph at lines 4--9
\T1/cmr/m/n/10.95 (+20) fi-ca-tions.  []$\T1/cmtt/m/n/10.95 https : / / ark . i
ntel . com / content / www / us / en / ark / products / 124967 /
 []


Underfull \hbox (badness 10000) in paragraph at lines 28--32
[]\T1/cmr/m/n/10.95 (+20) Armv8-a in-struc-tion set ar-chi-tec-ture.  []$\T1/cm
tt/m/n/10.95 https : / / developer . arm . com / -[] / media / Arm %
 []


Underfull \hbox (badness 10000) in paragraph at lines 28--32
\T1/cmtt/m/n/10.95 20Developer % 20Community / PDF / Learn % 20the % 20Architec
ture / Armv8-[]A % 20Instruction % 20Set %
 []

[13]
Underfull \hbox (badness 6220) in paragraph at lines 46--50
[]\T1/cmr/m/n/10.95 (+20) Snapdragon 460 mo-bile plat-form | qual-comm.  []$\T1
/cmtt/m/n/10.95 https : / / www . qualcomm . com / products /
 []

) 
AED: lastpage setting LastPage
[14]
Package atveryend Info: Empty hook `BeforeClearDocument' on input line 599.
Package atveryend Info: Empty hook `AfterLastShipout' on input line 599.
 (./toma.aux)
Package atveryend Info: Executing hook `AtVeryEndDocument' on input line 599.
Package atveryend Info: Executing hook `AtEndAfterFileList' on input line 599.
Package rerunfilecheck Info: File `toma.out' has not changed.
(rerunfilecheck)             Checksum: 0A0662ED8FF92AB16C294096335F45DF;1915.


LaTeX Warning: There were undefined references.


LaTeX Warning: There were multiply-defined labels.

runsystem(rm toma.pyg)...executed.

 ) 
Here is how much of TeX's memory you used:
 15405 strings out of 494923
 262343 string characters out of 6180742
 541463 words of memory out of 5000000
 18212 multiletter control sequences out of 15000+600000
 16702 words of font info for 61 fonts, out of 8000000 for 9000
 14 hyphenation exceptions out of 8191
 53i,14n,92p,1005b,600s stack positions out of 5000i,500n,10000p,200000b,80000s
{/usr/share/texmf/fonts/enc/dvips/cm-super/cm-super-t1.enc}{/usr/share/texmf/
fonts/enc/dvips/cm-super/cm-super-ts1.enc}</usr/share/texmf/fonts/type1/public/
cm-super/sfbx1095.pfb></usr/share/texmf/fonts/type1/public/cm-super/sfbx1200.pf
b></usr/share/texmf/fonts/type1/public/cm-super/sfbx1440.pfb></usr/share/texmf/
fonts/type1/public/cm-super/sfbx1728.pfb></usr/share/texmf/fonts/type1/public/c
m-super/sfit1095.pfb></usr/share/texmf/fonts/type1/public/cm-super/sfrm0600.pfb
></usr/share/texmf/fonts/type1/public/cm-super/sfrm1095.pfb></usr/share/texmf/f
onts/type1/public/cm-super/sfti1095.pfb></usr/share/texmf/fonts/type1/public/cm
-super/sftt1095.pfb>
Output written on toma.pdf (14 pages, 464158 bytes).
PDF statistics:
 398 PDF objects out of 1000 (max. 8388607)
 349 compressed objects within 4 object streams
 89 named destinations out of 1000 (max. 500000)
 14611 words of extra memory for PDF output out of 17280 (max. 10000000)

