This is pdfTeX, Version 3.14159265-2.6-1.40.18 (TeX Live 2017/Debian) (preloaded format=pdflatex 2019.6.10)  5 SEP 2020 22:26
entering extended mode
 \write18 enabled.
 %&-line parsing enabled.
**seque.tex
(./seque.tex
LaTeX2e <2017-04-15>
Babel <3.18> and hyphenation patterns for 3 language(s) loaded.
(/usr/share/texlive/texmf-dist/tex/latex/base/article.cls
Document Class: article 2014/09/29 v1.4h Standard LaTeX document class
(/usr/share/texlive/texmf-dist/tex/latex/base/size11.clo
File: size11.clo 2014/09/29 v1.4h Standard LaTeX file (size option)
)
\c@part=\count79
\c@section=\count80
\c@subsection=\count81
\c@subsubsection=\count82
\c@paragraph=\count83
\c@subparagraph=\count84
\c@figure=\count85
\c@table=\count86
\abovecaptionskip=\skip41
\belowcaptionskip=\skip42
\bibindent=\dimen102
)
(/usr/share/texlive/texmf-dist/tex/latex/geometry/geometry.sty
Package: geometry 2010/09/12 v5.6 Page Geometry

(/usr/share/texlive/texmf-dist/tex/latex/graphics/keyval.sty
Package: keyval 2014/10/28 v1.15 key=value parser (DPC)
\KV@toks@=\toks14
)
(/usr/share/texlive/texmf-dist/tex/generic/oberdiek/ifpdf.sty
Package: ifpdf 2017/03/15 v3.2 Provides the ifpdf switch
)
(/usr/share/texlive/texmf-dist/tex/generic/oberdiek/ifvtex.sty
Package: ifvtex 2016/05/16 v1.6 Detect VTeX and its facilities (HO)
Package ifvtex Info: VTeX not detected.
)
(/usr/share/texlive/texmf-dist/tex/generic/ifxetex/ifxetex.sty
Package: ifxetex 2010/09/12 v0.6 Provides ifxetex conditional
)
\Gm@cnth=\count87
\Gm@cntv=\count88
\c@Gm@tempcnt=\count89
\Gm@bindingoffset=\dimen103
\Gm@wd@mp=\dimen104
\Gm@odd@mp=\dimen105
\Gm@even@mp=\dimen106
\Gm@layoutwidth=\dimen107
\Gm@layoutheight=\dimen108
\Gm@layouthoffset=\dimen109
\Gm@layoutvoffset=\dimen110
\Gm@dimlist=\toks15
)
(/usr/share/texlive/texmf-dist/tex/latex/base/fontenc.sty
Package: fontenc 2017/04/05 v2.0i Standard LaTeX package

(/usr/share/texlive/texmf-dist/tex/latex/base/t1enc.def
File: t1enc.def 2017/04/05 v2.0i Standard LaTeX file
LaTeX Font Info:    Redeclaring font encoding T1 on input line 48.
))
(/usr/share/texlive/texmf-dist/tex/latex/microtype/microtype.sty
Package: microtype 2018/01/14 v2.7a Micro-typographical refinements (RS)
\MT@toks=\toks16
\MT@count=\count90
LaTeX Info: Redefining \textls on input line 793.
\MT@outer@kern=\dimen111
LaTeX Info: Redefining \textmicrotypecontext on input line 1339.
\MT@listname@count=\count91

(/usr/share/texlive/texmf-dist/tex/latex/microtype/microtype-pdftex.def
File: microtype-pdftex.def 2018/01/14 v2.7a Definitions specific to pdftex (RS)

LaTeX Info: Redefining \lsstyle on input line 913.
LaTeX Info: Redefining \lslig on input line 913.
\MT@outer@space=\skip43
)
Package microtype Info: Loading configuration file microtype.cfg.

(/usr/share/texlive/texmf-dist/tex/latex/microtype/microtype.cfg
File: microtype.cfg 2018/01/14 v2.7a microtype main configuration file (RS)
))
(/usr/share/texlive/texmf-dist/tex/latex/fancyhdr/fancyhdr.sty
Package: fancyhdr 2017/06/30 v3.9a Extensive control of page headers and footer
s
\f@nch@headwidth=\skip44
\f@nch@O@elh=\skip45
\f@nch@O@erh=\skip46
\f@nch@O@olh=\skip47
\f@nch@O@orh=\skip48
\f@nch@O@elf=\skip49
\f@nch@O@erf=\skip50
\f@nch@O@olf=\skip51
\f@nch@O@orf=\skip52
)
(/usr/share/texlive/texmf-dist/tex/latex/fancyvrb/fancyvrb.sty
Package: fancyvrb 2008/02/07

Style option: `fancyvrb' v2.7a, with DG/SPQR fixes, and firstline=lastline fix 
<2008/02/07> (tvz)
\FV@CodeLineNo=\count92
\FV@InFile=\read1
\FV@TabBox=\box26
\c@FancyVerbLine=\count93
\FV@StepNumber=\count94
\FV@OutFile=\write3
) (/usr/share/texlive/texmf-dist/tex/latex/lipsum/lipsum.sty
Package: lipsum 2014/07/27 v1.3 150 paragraphs of Lorem Ipsum dummy text
\c@lips@count=\count95
) (/usr/share/texlive/texmf-dist/tex/latex/url/url.sty
\Urlmuskip=\muskip10
Package: url 2013/09/16  ver 3.4  Verb mode for urls, etc.
)
(/usr/share/texlive/texmf-dist/tex/latex/listings/listings.sty
\lst@mode=\count96
\lst@gtempboxa=\box27
\lst@token=\toks17
\lst@length=\count97
\lst@currlwidth=\dimen112
\lst@column=\count98
\lst@pos=\count99
\lst@lostspace=\dimen113
\lst@width=\dimen114
\lst@newlines=\count100
\lst@lineno=\count101
\lst@maxwidth=\dimen115

(/usr/share/texlive/texmf-dist/tex/latex/listings/lstmisc.sty
File: lstmisc.sty 2015/06/04 1.6 (Carsten Heinz)
\c@lstnumber=\count102
\lst@skipnumbers=\count103
\lst@framebox=\box28
)
(/usr/share/texlive/texmf-dist/tex/latex/listings/listings.cfg
File: listings.cfg 2015/06/04 1.6 listings configuration
))
Package: listings 2015/06/04 1.6 (Carsten Heinz)

(/usr/share/texlive/texmf-dist/tex/latex/lastpage/lastpage.sty
Package: lastpage 2015/03/29 v1.2m Refers to last page's name (HMM; JPG)
)
(/usr/share/texlive/texmf-dist/tex/latex/enumitem/enumitem.sty
Package: enumitem 2011/09/28 v3.5.2 Customized lists
\labelindent=\skip53
\enit@outerparindent=\dimen116
\enit@toks=\toks18
\enit@inbox=\box29
\enitdp@description=\count104
)
(/usr/share/texlive/texmf-dist/tex/latex/datetime/datetime.sty
Package: datetime 2015/03/20 v2.60 Date Time Package

(/usr/share/texlive/texmf-dist/tex/latex/etoolbox/etoolbox.sty
Package: etoolbox 2018/02/11 v2.5e e-TeX tools for LaTeX (JAW)
\etb@tempcnta=\count105
)
(/usr/share/texlive/texmf-dist/tex/latex/fmtcount/fmtcount.sty
Package: fmtcount 2017/12/24 v3.05

(/usr/share/texlive/texmf-dist/tex/latex/base/ifthen.sty
Package: ifthen 2014/09/29 v1.1c Standard LaTeX ifthen package (DPC)
)
(/usr/share/texlive/texmf-dist/tex/latex/xkeyval/xkeyval.sty
Package: xkeyval 2014/12/03 v2.7a package option processing (HA)

(/usr/share/texlive/texmf-dist/tex/generic/xkeyval/xkeyval.tex
(/usr/share/texlive/texmf-dist/tex/generic/xkeyval/xkvutils.tex
\XKV@toks=\toks19
\XKV@tempa@toks=\toks20
)
\XKV@depth=\count106
File: xkeyval.tex 2014/12/03 v2.7a key=value parser (HA)
))
(/usr/share/texlive/texmf-dist/tex/latex/fmtcount/fcprefix.sty
Package: fcprefix 2012/09/28

(/usr/share/texlive/texmf-dist/tex/latex/fmtcount/fcnumparser.sty
Package: fcnumparser 2017/06/15
\fc@digit@counter=\count107
))
(/usr/share/texlive/texmf-dist/tex/latex/amsmath/amsgen.sty
File: amsgen.sty 1999/11/30 v2.0 generic functions
\@emptytoks=\toks21
\ex@=\dimen117
)
\c@padzeroesN=\count108
\fc@tmpcatcode=\count109
\@DT@modctr=\count110
\@ordinalctr=\count111
\@orgargctr=\count112
\@strctr=\count113
\@tmpstrctr=\count114
\@DT@loopN=\count115
\@DT@X=\count116
)
(/usr/share/texlive/texmf-dist/tex/latex/datetime/datetime-defaults.sty
Package: datetime-defaults 2013/09/10
)
\@day=\count117
\@month=\count118
\@year=\count119
\c@HOUR=\count120
\c@HOURXII=\count121
\c@MINUTE=\count122
\c@TOHOUR=\count123
\c@TOMINUTE=\count124
\c@SECOND=\count125
\currenthour=\count126
\currentminute=\count127
\currentsecond=\count128
Package datetime Info: No datetime.cfg file found, using default settings on in
put line 308.
\@dtctr=\count129
\dayofyear=\count130
\dayofweek=\count131
LaTeX Info: Redefining \today on input line 736.
\dt@a=\toks22
\dt@b=\toks23
)
(/usr/share/texlive/texmf-dist/tex/latex/amscls/amsthm.sty
Package: amsthm 2017/10/31 v2.20.4
\thm@style=\toks24
\thm@bodyfont=\toks25
\thm@headfont=\toks26
\thm@notefont=\toks27
\thm@headpunct=\toks28
\thm@preskip=\skip54
\thm@postskip=\skip55
\thm@headsep=\skip56
\dth@everypar=\toks29
)
(/usr/share/texlive/texmf-dist/tex/latex/graphics/graphicx.sty
Package: graphicx 2017/06/01 v1.1a Enhanced LaTeX Graphics (DPC,SPQR)

(/usr/share/texlive/texmf-dist/tex/latex/graphics/graphics.sty
Package: graphics 2017/06/25 v1.2c Standard LaTeX Graphics (DPC,SPQR)

(/usr/share/texlive/texmf-dist/tex/latex/graphics/trig.sty
Package: trig 2016/01/03 v1.10 sin cos tan (DPC)
)
(/usr/share/texlive/texmf-dist/tex/latex/graphics-cfg/graphics.cfg
File: graphics.cfg 2016/06/04 v1.11 sample graphics configuration
)
Package graphics Info: Driver file: pdftex.def on input line 99.

(/usr/share/texlive/texmf-dist/tex/latex/graphics-def/pdftex.def
File: pdftex.def 2018/01/08 v1.0l Graphics/color driver for pdftex
))
\Gin@req@height=\dimen118
\Gin@req@width=\dimen119
)
(/usr/share/texlive/texmf-dist/tex/latex/hyperref/hyperref.sty
Package: hyperref 2018/02/06 v6.86b Hypertext links for LaTeX

(/usr/share/texlive/texmf-dist/tex/generic/oberdiek/hobsub-hyperref.sty
Package: hobsub-hyperref 2016/05/16 v1.14 Bundle oberdiek, subset hyperref (HO)


(/usr/share/texlive/texmf-dist/tex/generic/oberdiek/hobsub-generic.sty
Package: hobsub-generic 2016/05/16 v1.14 Bundle oberdiek, subset generic (HO)
Package: hobsub 2016/05/16 v1.14 Construct package bundles (HO)
Package: infwarerr 2016/05/16 v1.4 Providing info/warning/error messages (HO)
Package: ltxcmds 2016/05/16 v1.23 LaTeX kernel commands for general use (HO)
Package: ifluatex 2016/05/16 v1.4 Provides the ifluatex switch (HO)
Package ifluatex Info: LuaTeX not detected.
Package hobsub Info: Skipping package `ifvtex' (already loaded).
Package: intcalc 2016/05/16 v1.2 Expandable calculations with integers (HO)
Package hobsub Info: Skipping package `ifpdf' (already loaded).
Package: etexcmds 2016/05/16 v1.6 Avoid name clashes with e-TeX commands (HO)
Package etexcmds Info: Could not find \expanded.
(etexcmds)             That can mean that you are not using pdfTeX 1.50 or
(etexcmds)             that some package has redefined \expanded.
(etexcmds)             In the latter case, load this package earlier.
Package: kvsetkeys 2016/05/16 v1.17 Key value parser (HO)
Package: kvdefinekeys 2016/05/16 v1.4 Define keys (HO)
Package: pdftexcmds 2018/01/21 v0.26 Utility functions of pdfTeX for LuaTeX (HO
)
Package pdftexcmds Info: LuaTeX not detected.
Package pdftexcmds Info: \pdf@primitive is available.
Package pdftexcmds Info: \pdf@ifprimitive is available.
Package pdftexcmds Info: \pdfdraftmode found.
Package: pdfescape 2016/05/16 v1.14 Implements pdfTeX's escape features (HO)
Package: bigintcalc 2016/05/16 v1.4 Expandable calculations on big integers (HO
)
Package: bitset 2016/05/16 v1.2 Handle bit-vector datatype (HO)
Package: uniquecounter 2016/05/16 v1.3 Provide unlimited unique counter (HO)
)
Package hobsub Info: Skipping package `hobsub' (already loaded).
Package: letltxmacro 2016/05/16 v1.5 Let assignment for LaTeX macros (HO)
Package: hopatch 2016/05/16 v1.3 Wrapper for package hooks (HO)
Package: xcolor-patch 2016/05/16 xcolor patch
Package: atveryend 2016/05/16 v1.9 Hooks at the very end of document (HO)
Package: atbegshi 2016/06/09 v1.18 At begin shipout hook (HO)
Package: refcount 2016/05/16 v3.5 Data extraction from label references (HO)
Package: hycolor 2016/05/16 v1.8 Color options for hyperref/bookmark (HO)
)
(/usr/share/texlive/texmf-dist/tex/latex/oberdiek/auxhook.sty
Package: auxhook 2016/05/16 v1.4 Hooks for auxiliary files (HO)
)
(/usr/share/texlive/texmf-dist/tex/latex/oberdiek/kvoptions.sty
Package: kvoptions 2016/05/16 v3.12 Key value format for package options (HO)
)
\@linkdim=\dimen120
\Hy@linkcounter=\count132
\Hy@pagecounter=\count133

(/usr/share/texlive/texmf-dist/tex/latex/hyperref/pd1enc.def
File: pd1enc.def 2018/02/06 v6.86b Hyperref: PDFDocEncoding definition (HO)
)
\Hy@SavedSpaceFactor=\count134

(/usr/share/texlive/texmf-dist/tex/latex/latexconfig/hyperref.cfg
File: hyperref.cfg 2002/06/06 v1.2 hyperref configuration of TeXLive
)
Package hyperref Info: Hyper figures OFF on input line 4509.
Package hyperref Info: Link nesting OFF on input line 4514.
Package hyperref Info: Hyper index ON on input line 4517.
Package hyperref Info: Plain pages OFF on input line 4524.
Package hyperref Info: Backreferencing OFF on input line 4529.
Package hyperref Info: Implicit mode ON; LaTeX internals redefined.
Package hyperref Info: Bookmarks ON on input line 4762.
\c@Hy@tempcnt=\count135
LaTeX Info: Redefining \url on input line 5115.
\XeTeXLinkMargin=\dimen121
\Fld@menulength=\count136
\Field@Width=\dimen122
\Fld@charsize=\dimen123
Package hyperref Info: Hyper figures OFF on input line 6369.
Package hyperref Info: Link nesting OFF on input line 6374.
Package hyperref Info: Hyper index ON on input line 6377.
Package hyperref Info: backreferencing OFF on input line 6384.
Package hyperref Info: Link coloring OFF on input line 6389.
Package hyperref Info: Link coloring with OCG OFF on input line 6394.
Package hyperref Info: PDF/A mode OFF on input line 6399.
LaTeX Info: Redefining \ref on input line 6439.
LaTeX Info: Redefining \pageref on input line 6443.
\Hy@abspage=\count137
\c@Item=\count138
\c@Hfootnote=\count139
)
Package hyperref Info: Driver (autodetected): hpdftex.

(/usr/share/texlive/texmf-dist/tex/latex/hyperref/hpdftex.def
File: hpdftex.def 2018/02/06 v6.86b Hyperref driver for pdfTeX
\Fld@listcount=\count140
\c@bookmark@seq@number=\count141

(/usr/share/texlive/texmf-dist/tex/latex/oberdiek/rerunfilecheck.sty
Package: rerunfilecheck 2016/05/16 v1.8 Rerun checks for auxiliary files (HO)
Package uniquecounter Info: New unique counter `rerunfilecheck' on input line 2
82.
)
\Hy@SectionHShift=\skip57
)
(/usr/share/texlive/texmf-dist/tex/latex/minted/minted.sty
Package: minted 2017/07/19 v2.5 Yet another Pygments shim for LaTeX

(/usr/share/texlive/texmf-dist/tex/latex/fvextra/fvextra.sty
Package: fvextra 2017/07/08 v1.3.1 fvextra - extensions and patches for fancyvr
b

(/usr/share/texlive/texmf-dist/tex/latex/upquote/upquote.sty
Package: upquote 2012/04/19 v1.3 upright-quote and grave-accent glyphs in verba
tim

(/usr/share/texlive/texmf-dist/tex/latex/base/textcomp.sty
Package: textcomp 2017/04/05 v2.0i Standard LaTeX package
Package textcomp Info: Sub-encoding information:
(textcomp)               5 = only ISO-Adobe without \textcurrency
(textcomp)               4 = 5 + \texteuro
(textcomp)               3 = 4 + \textohm
(textcomp)               2 = 3 + \textestimated + \textcurrency
(textcomp)               1 = TS1 - \textcircled - \t
(textcomp)               0 = TS1 (full)
(textcomp)             Font families with sub-encoding setting implement
(textcomp)             only a restricted character set as indicated.
(textcomp)             Family '?' is the default used for unknown fonts.
(textcomp)             See the documentation for details.
Package textcomp Info: Setting ? sub-encoding to TS1/1 on input line 79.

(/usr/share/texlive/texmf-dist/tex/latex/base/ts1enc.def
File: ts1enc.def 2001/06/05 v3.0e (jk/car/fm) Standard LaTeX file
)
LaTeX Info: Redefining \oldstylenums on input line 334.
Package textcomp Info: Setting cmr sub-encoding to TS1/0 on input line 349.
Package textcomp Info: Setting cmss sub-encoding to TS1/0 on input line 350.
Package textcomp Info: Setting cmtt sub-encoding to TS1/0 on input line 351.
Package textcomp Info: Setting cmvtt sub-encoding to TS1/0 on input line 352.
Package textcomp Info: Setting cmbr sub-encoding to TS1/0 on input line 353.
Package textcomp Info: Setting cmtl sub-encoding to TS1/0 on input line 354.
Package textcomp Info: Setting ccr sub-encoding to TS1/0 on input line 355.
Package textcomp Info: Setting ptm sub-encoding to TS1/4 on input line 356.
Package textcomp Info: Setting pcr sub-encoding to TS1/4 on input line 357.
Package textcomp Info: Setting phv sub-encoding to TS1/4 on input line 358.
Package textcomp Info: Setting ppl sub-encoding to TS1/3 on input line 359.
Package textcomp Info: Setting pag sub-encoding to TS1/4 on input line 360.
Package textcomp Info: Setting pbk sub-encoding to TS1/4 on input line 361.
Package textcomp Info: Setting pnc sub-encoding to TS1/4 on input line 362.
Package textcomp Info: Setting pzc sub-encoding to TS1/4 on input line 363.
Package textcomp Info: Setting bch sub-encoding to TS1/4 on input line 364.
Package textcomp Info: Setting put sub-encoding to TS1/5 on input line 365.
Package textcomp Info: Setting uag sub-encoding to TS1/5 on input line 366.
Package textcomp Info: Setting ugq sub-encoding to TS1/5 on input line 367.
Package textcomp Info: Setting ul8 sub-encoding to TS1/4 on input line 368.
Package textcomp Info: Setting ul9 sub-encoding to TS1/4 on input line 369.
Package textcomp Info: Setting augie sub-encoding to TS1/5 on input line 370.
Package textcomp Info: Setting dayrom sub-encoding to TS1/3 on input line 371.
Package textcomp Info: Setting dayroms sub-encoding to TS1/3 on input line 372.

Package textcomp Info: Setting pxr sub-encoding to TS1/0 on input line 373.
Package textcomp Info: Setting pxss sub-encoding to TS1/0 on input line 374.
Package textcomp Info: Setting pxtt sub-encoding to TS1/0 on input line 375.
Package textcomp Info: Setting txr sub-encoding to TS1/0 on input line 376.
Package textcomp Info: Setting txss sub-encoding to TS1/0 on input line 377.
Package textcomp Info: Setting txtt sub-encoding to TS1/0 on input line 378.
Package textcomp Info: Setting lmr sub-encoding to TS1/0 on input line 379.
Package textcomp Info: Setting lmdh sub-encoding to TS1/0 on input line 380.
Package textcomp Info: Setting lmss sub-encoding to TS1/0 on input line 381.
Package textcomp Info: Setting lmssq sub-encoding to TS1/0 on input line 382.
Package textcomp Info: Setting lmvtt sub-encoding to TS1/0 on input line 383.
Package textcomp Info: Setting lmtt sub-encoding to TS1/0 on input line 384.
Package textcomp Info: Setting qhv sub-encoding to TS1/0 on input line 385.
Package textcomp Info: Setting qag sub-encoding to TS1/0 on input line 386.
Package textcomp Info: Setting qbk sub-encoding to TS1/0 on input line 387.
Package textcomp Info: Setting qcr sub-encoding to TS1/0 on input line 388.
Package textcomp Info: Setting qcs sub-encoding to TS1/0 on input line 389.
Package textcomp Info: Setting qpl sub-encoding to TS1/0 on input line 390.
Package textcomp Info: Setting qtm sub-encoding to TS1/0 on input line 391.
Package textcomp Info: Setting qzc sub-encoding to TS1/0 on input line 392.
Package textcomp Info: Setting qhvc sub-encoding to TS1/0 on input line 393.
Package textcomp Info: Setting futs sub-encoding to TS1/4 on input line 394.
Package textcomp Info: Setting futx sub-encoding to TS1/4 on input line 395.
Package textcomp Info: Setting futj sub-encoding to TS1/4 on input line 396.
Package textcomp Info: Setting hlh sub-encoding to TS1/3 on input line 397.
Package textcomp Info: Setting hls sub-encoding to TS1/3 on input line 398.
Package textcomp Info: Setting hlst sub-encoding to TS1/3 on input line 399.
Package textcomp Info: Setting hlct sub-encoding to TS1/5 on input line 400.
Package textcomp Info: Setting hlx sub-encoding to TS1/5 on input line 401.
Package textcomp Info: Setting hlce sub-encoding to TS1/5 on input line 402.
Package textcomp Info: Setting hlcn sub-encoding to TS1/5 on input line 403.
Package textcomp Info: Setting hlcw sub-encoding to TS1/5 on input line 404.
Package textcomp Info: Setting hlcf sub-encoding to TS1/5 on input line 405.
Package textcomp Info: Setting pplx sub-encoding to TS1/3 on input line 406.
Package textcomp Info: Setting pplj sub-encoding to TS1/3 on input line 407.
Package textcomp Info: Setting ptmx sub-encoding to TS1/4 on input line 408.
Package textcomp Info: Setting ptmj sub-encoding to TS1/4 on input line 409.
))
(/usr/share/texlive/texmf-dist/tex/latex/lineno/lineno.sty
Package: lineno 2005/11/02 line numbers on paragraphs v4.41
\linenopenalty=\count142
\output=\toks30
\linenoprevgraf=\count143
\linenumbersep=\dimen124
\linenumberwidth=\dimen125
\c@linenumber=\count144
\c@pagewiselinenumber=\count145
\c@LN@truepage=\count146
\c@internallinenumber=\count147
\c@internallinenumbers=\count148
\quotelinenumbersep=\dimen126
\bframerule=\dimen127
\bframesep=\dimen128
\bframebox=\box30
LaTeX Info: Redefining \\ on input line 3056.
)
\c@FV@TrueTabGroupLevel=\count149
\c@FV@TrueTabCounter=\count150
\FV@TabBox@Group=\box31
\FV@TmpLength=\skip58
\c@FV@HighlightLinesStart=\count151
\c@FV@HighlightLinesStop=\count152
\FV@LoopCount=\count153
\FV@NCharsBox=\box32
\FV@BreakIndent=\dimen129
\FV@BreakIndentNChars=\count154
\FV@BreakSymbolSepLeft=\dimen130
\FV@BreakSymbolSepLeftNChars=\count155
\FV@BreakSymbolSepRight=\dimen131
\FV@BreakSymbolSepRightNChars=\count156
\FV@BreakSymbolIndentLeft=\dimen132
\FV@BreakSymbolIndentLeftNChars=\count157
\FV@BreakSymbolIndentRight=\dimen133
\FV@BreakSymbolIndentRightNChars=\count158
\c@FancyVerbLineBreakLast=\count159
\FV@LineBox=\box33
\FV@LineIndentBox=\box34
)
(/usr/share/texlive/texmf-dist/tex/latex/tools/calc.sty
Package: calc 2014/10/28 v4.3 Infix arithmetic (KKT,FJ)
\calc@Acount=\count160
\calc@Bcount=\count161
\calc@Adimen=\dimen134
\calc@Bdimen=\dimen135
\calc@Askip=\skip59
\calc@Bskip=\skip60
LaTeX Info: Redefining \setlength on input line 80.
LaTeX Info: Redefining \addtolength on input line 81.
\calc@Ccount=\count162
\calc@Cskip=\skip61
)
(/usr/share/texlive/texmf-dist/tex/latex/tools/shellesc.sty
Package: shellesc 2016/06/07 v0.02a unified shell escape interface for LaTeX
Package shellesc Info: Unrestricted shell escape enabled on input line 67.
)
(/usr/share/texlive/texmf-dist/tex/latex/ifplatform/ifplatform.sty
Package: ifplatform 2017/10/13 v0.4a Testing for the operating system

(/usr/share/texlive/texmf-dist/tex/generic/oberdiek/catchfile.sty
Package: catchfile 2016/05/16 v1.7 Catch the contents of a file (HO)
)
runsystem(uname -s > "seque.w18")...executed.

 (./seque.w18)
runsystem(rm -- "seque.w18")...executed.

) (/usr/share/texlive/texmf-dist/tex/generic/xstring/xstring.sty
(/usr/share/texlive/texmf-dist/tex/generic/xstring/xstring.tex
\@xs@message=\write4
\integerpart=\count163
\decimalpart=\count164
)
Package: xstring 2013/10/13  v1.7c  String manipulations (C Tellechea)
)
(/usr/share/texlive/texmf-dist/tex/latex/framed/framed.sty
Package: framed 2011/10/22 v 0.96: framed or shaded text with page breaks
\OuterFrameSep=\skip62
\fb@frw=\dimen136
\fb@frh=\dimen137
\FrameRule=\dimen138
\FrameSep=\dimen139
)
(/usr/share/texlive/texmf-dist/tex/latex/float/float.sty
Package: float 2001/11/08 v1.3d Float enhancements (AL)
\c@float@type=\count165
\float@exts=\toks31
\float@box=\box35
\@float@everytoks=\toks32
\@floatcapt=\box36
)
\minted@appexistsfile=\read2
\minted@bgbox=\box37
\minted@code=\write5
\c@minted@FancyVerbLineTemp=\count166
\c@minted@pygmentizecounter=\count167
\@float@every@listing=\toks33
\c@listing=\count168
)
runsystem(mkdir -p _minted-seque)...executed.


(/usr/share/texlive/texmf-dist/tex/latex/xcolor/xcolor.sty
Package: xcolor 2016/05/11 v2.12 LaTeX color extensions (UK)

(/usr/share/texlive/texmf-dist/tex/latex/graphics-cfg/color.cfg
File: color.cfg 2016/01/02 v1.6 sample color configuration
)
Package xcolor Info: Driver file: pdftex.def on input line 225.
Package xcolor Info: Model `cmy' substituted by `cmy0' on input line 1348.
Package xcolor Info: Model `hsb' substituted by `rgb' on input line 1352.
Package xcolor Info: Model `RGB' extended on input line 1364.
Package xcolor Info: Model `HTML' substituted by `rgb' on input line 1366.
Package xcolor Info: Model `Hsb' substituted by `hsb' on input line 1367.
Package xcolor Info: Model `tHsb' substituted by `hsb' on input line 1368.
Package xcolor Info: Model `HSB' substituted by `hsb' on input line 1369.
Package xcolor Info: Model `Gray' substituted by `gray' on input line 1370.
Package xcolor Info: Model `wave' substituted by `hsb' on input line 1371.
)
runsystem(which pygmentize && touch seque.aex)...executed.

runsystem(rm seque.aex)...executed.

 (./seque.aux)
\openout1 = `seque.aux'.

LaTeX Font Info:    Checking defaults for OML/cmm/m/it on input line 46.
LaTeX Font Info:    ... okay on input line 46.
LaTeX Font Info:    Checking defaults for T1/cmr/m/n on input line 46.
LaTeX Font Info:    ... okay on input line 46.
LaTeX Font Info:    Checking defaults for OT1/cmr/m/n on input line 46.
LaTeX Font Info:    ... okay on input line 46.
LaTeX Font Info:    Checking defaults for OMS/cmsy/m/n on input line 46.
LaTeX Font Info:    ... okay on input line 46.
LaTeX Font Info:    Checking defaults for OMX/cmex/m/n on input line 46.
LaTeX Font Info:    ... okay on input line 46.
LaTeX Font Info:    Checking defaults for U/cmr/m/n on input line 46.
LaTeX Font Info:    ... okay on input line 46.
LaTeX Font Info:    Checking defaults for PD1/pdf/m/n on input line 46.
LaTeX Font Info:    ... okay on input line 46.
LaTeX Font Info:    Checking defaults for TS1/cmr/m/n on input line 46.
LaTeX Font Info:    Try loading font information for TS1+cmr on input line 46.
(/usr/share/texlive/texmf-dist/tex/latex/base/ts1cmr.fd
File: ts1cmr.fd 2014/09/29 v2.5h Standard LaTeX font definitions
)
LaTeX Font Info:    ... okay on input line 46.

*geometry* driver: auto-detecting
*geometry* detected driver: pdftex
*geometry* verbose mode - [ preamble ] result:
* driver: pdftex
* paper: a4paper
* layout: <same size as paper>
* layoutoffset:(h,v)=(0.0pt,0.0pt)
* modes: includehead includefoot heightrounded 
* h-part:(L,W,R)=(56.9055pt, 497.92325pt, 42.67912pt)
* v-part:(T,H,B)=(42.67912pt, 773.91498pt, 28.45274pt)
* \paperwidth=597.50787pt
* \paperheight=845.04684pt
* \textwidth=497.92325pt
* \textheight=691.0003pt
* \oddsidemargin=-15.36449pt
* \evensidemargin=-15.36449pt
* \topmargin=-29.59087pt
* \headheight=25.22153pt
* \headsep=25.0pt
* \topskip=11.0pt
* \footskip=30.0pt
* \marginparwidth=50.0pt
* \marginparsep=10.0pt
* \columnsep=10.0pt
* \skip\footins=10.0pt plus 4.0pt minus 2.0pt
* \hoffset=0.0pt
* \voffset=0.0pt
* \mag=1000
* \@twocolumnfalse
* \@twosidefalse
* \@mparswitchfalse
* \@reversemarginfalse
* (1in=72.27pt=25.4mm, 1cm=28.453pt)

LaTeX Info: Redefining \microtypecontext on input line 46.
Package microtype Info: Generating PDF output.
Package microtype Info: Character protrusion enabled (level 2).
Package microtype Info: Using default protrusion set `alltext'.
Package microtype Info: Automatic font expansion enabled (level 2),
(microtype)             stretch: 20, shrink: 20, step: 1, non-selected.
Package microtype Info: Using default expansion set `basictext'.
Package microtype Info: No adjustment of tracking.
Package microtype Info: No adjustment of interword spacing.
Package microtype Info: No adjustment of character kerning.
(/usr/share/texlive/texmf-dist/tex/latex/microtype/mt-cmr.cfg
File: mt-cmr.cfg 2013/05/19 v2.2 microtype config. file: Computer Modern Roman 
(RS)
)
\c@lstlisting=\count169
Package lastpage Info: Please have a look at the pageslts package at
(lastpage)             https://www.ctan.org/pkg/pageslts
(lastpage)             ! on input line 46.

(/usr/share/texlive/texmf-dist/tex/latex/fmtcount/fc-english.def
File: fc-english.def 2016/01/12
)
(/usr/share/texlive/texmf-dist/tex/context/base/mkii/supp-pdf.mkii
[Loading MPS to PDF converter (version 2006.09.02).]
\scratchcounter=\count170
\scratchdimen=\dimen140
\scratchbox=\box38
\nofMPsegments=\count171
\nofMParguments=\count172
\everyMPshowfont=\toks34
\MPscratchCnt=\count173
\MPscratchDim=\dimen141
\MPnumerator=\count174
\makeMPintoPDFobject=\count175
\everyMPtoPDFconversion=\toks35
) (/usr/share/texlive/texmf-dist/tex/latex/oberdiek/epstopdf-base.sty
Package: epstopdf-base 2016/05/15 v2.6 Base part for package epstopdf

(/usr/share/texlive/texmf-dist/tex/latex/oberdiek/grfext.sty
Package: grfext 2016/05/16 v1.2 Manage graphics extensions (HO)
)
Package epstopdf-base Info: Redefining graphics rule for `.eps' on input line 4
38.
Package grfext Info: Graphics extension search list:
(grfext)             [.pdf,.png,.jpg,.mps,.jpeg,.jbig2,.jb2,.PDF,.PNG,.JPG,.JPE
G,.JBIG2,.JB2,.eps]
(grfext)             \AppendGraphicsExtensions on input line 456.

(/usr/share/texlive/texmf-dist/tex/latex/latexconfig/epstopdf-sys.cfg
File: epstopdf-sys.cfg 2010/07/13 v1.3 Configuration of (r)epstopdf for TeX Liv
e
))
\AtBeginShipoutBox=\box39
Package hyperref Info: Link coloring OFF on input line 46.

(/usr/share/texlive/texmf-dist/tex/latex/hyperref/nameref.sty
Package: nameref 2016/05/21 v2.44 Cross-referencing by name of section

(/usr/share/texlive/texmf-dist/tex/generic/oberdiek/gettitlestring.sty
Package: gettitlestring 2016/05/16 v1.5 Cleanup title references (HO)
)
\c@section@level=\count176
)
LaTeX Info: Redefining \ref on input line 46.
LaTeX Info: Redefining \pageref on input line 46.
LaTeX Info: Redefining \nameref on input line 46.

(./seque.out) (./seque.out)
\@outlinefile=\write6
\openout6 = `seque.out'.

 (./seque.toc
LaTeX Font Info:    External font `cmex10' loaded for size
(Font)              <10.95> on input line 3.
LaTeX Font Info:    External font `cmex10' loaded for size
(Font)              <8> on input line 3.
LaTeX Font Info:    External font `cmex10' loaded for size
(Font)              <6> on input line 3.
)
\tf@toc=\write7
\openout7 = `seque.toc'.



Package Fancyhdr Warning: \headheight is too small (25.22153pt): 
 Make it at least 25.89063pt.
 We now make it that large for the rest of the document.
 This may cause the page layout to be inconsistent, however.

[1{/var/lib/texmf/fonts/map/pdftex/updmap/pdftex.map}

]
<clock0.png, id=100, 742.775pt x 182.6825pt>
File: clock0.png Graphic file (type png)
<use clock0.png>
Package pdftex.def Info: clock0.png  used on input line 93.
(pdftex.def)             Requested size: 289.07999pt x 71.09814pt.
<clock1.png, id=102, 513.92pt x 162.6075pt>
File: clock1.png Graphic file (type png)
<use clock1.png>
Package pdftex.def Info: clock1.png  used on input line 108.
(pdftex.def)             Requested size: 289.07999pt x 91.46649pt.
\openout3 = `seque.pyg'.


(./_minted-seque/default-pyg-prefix.pygstyle) (./_minted-seque/default.pygstyle
)
(./_minted-seque/5CB3A71A729E5863A40DBF79CFA5349322613F44998054DE6DFAC42DD67F2B
1D.pygtex
LaTeX Font Info:    Try loading font information for T1+cmtt on input line 1.
 (/usr/share/texlive/texmf-dist/tex/latex/base/t1cmtt.fd
File: t1cmtt.fd 2014/09/29 v2.5h Standard LaTeX font definitions
)
Package microtype Info: Loading generic protrusion settings for font family
(microtype)             `cmtt' (encoding: T1).
(microtype)             For optimal results, create family-specific settings.
(microtype)             See the microtype manual for details.
LaTeX Font Info:    Font shape `T1/cmtt/bx/n' in size <10.95> not available
(Font)              Font shape `T1/cmtt/m/n' tried instead on input line 2.
LaTeX Font Info:    Try loading font information for TS1+cmtt on input line 10.


(/usr/share/texlive/texmf-dist/tex/latex/base/ts1cmtt.fd
File: ts1cmtt.fd 2014/09/29 v2.5h Standard LaTeX font definitions
)
Package microtype Info: Loading generic protrusion settings for font family
(microtype)             `cmtt' (encoding: TS1).
(microtype)             For optimal results, create family-specific settings.
(microtype)             See the microtype manual for details.


Package Fancyhdr Warning: \headheight is too small (25.22153pt): 
 Make it at least 25.89063pt.
 We now make it that large for the rest of the document.
 This may cause the page layout to be inconsistent, however.

[2pdfTeX warning (ext4): destination with the same identifier (name{figure.1}) 
has been already used, duplicate ignored

\AtBegShi@Output ...ipout \box \AtBeginShipoutBox 
                                                  \fi \fi 
l.15 \end{Verbatim}
                   pdfTeX warning (ext4): destination with the same identifier 
(name{figure.2}) has been already used, duplicate ignored

\AtBegShi@Output ...ipout \box \AtBeginShipoutBox 
                                                  \fi \fi 
l.15 \end{Verbatim}
                    <./clock0.png> <./clock1.png>])
<latch0.png, id=115, 325.215pt x 273.02pt>
File: latch0.png Graphic file (type png)
<use latch0.png>
Package pdftex.def Info: latch0.png  used on input line 142.
(pdftex.def)             Requested size: 144.54pt x 121.34563pt.
\openout3 = `seque.pyg'.


(./_minted-seque/929E60028F1E8CF69474675ED15AD9DB22613F44998054DE6DFAC42DD67F2B
1D.pygtex)
<latch1.png, id=117, 490.83376pt x 317.185pt>
File: latch1.png Graphic file (type png)
<use latch1.png>
Package pdftex.def Info: latch1.png  used on input line 174.
(pdftex.def)             Requested size: 180.67499pt x 116.75162pt.


Package Fancyhdr Warning: \headheight is too small (25.22153pt): 
 Make it at least 25.89063pt.
 We now make it that large for the rest of the document.
 This may cause the page layout to be inconsistent, however.

[3pdfTeX warning (ext4): destination with the same identifier (name{figure.3}) 
has been already used, duplicate ignored

\AtBegShi@Output ...ipout \box \AtBeginShipoutBox 
                                                  \fi \fi 
l.179 
       <./latch0.png>]
\openout3 = `seque.pyg'.


(./_minted-seque/C7F0B72EF4AA46D73D175D775E73250222613F44998054DE6DFAC42DD67F2B
1D.pygtex)
<dff0.png, id=126, 577.15625pt x 234.8775pt>
File: dff0.png Graphic file (type png)
<use dff0.png>
Package pdftex.def Info: dff0.png  used on input line 206.
(pdftex.def)             Requested size: 289.07999pt x 117.64632pt.
\openout3 = `seque.pyg'.


(./_minted-seque/F8B2A7A60723F815C0C2DFFFB403F5BD22613F44998054DE6DFAC42DD67F2B
1D.pygtex

Package Fancyhdr Warning: \headheight is too small (25.22153pt): 
 Make it at least 25.89063pt.
 We now make it that large for the rest of the document.
 This may cause the page layout to be inconsistent, however.

[4pdfTeX warning (ext4): destination with the same identifier (name{figure.4}) 
has been already used, duplicate ignored

\AtBegShi@Output ...ipout \box \AtBeginShipoutBox 
                                                  \fi \fi 
l.5 ...IN} \PYG{k+kt}{STD\PYGZus{}LOGIC}\PYG{p}{;}
                                                  pdfTeX warning (ext4): destin
ation with the same identifier (name{figure.5}) has been already used, duplicat
e ignored

\AtBegShi@Output ...ipout \box \AtBeginShipoutBox 
                                                  \fi \fi 
l.5 ...IN} \PYG{k+kt}{STD\PYGZus{}LOGIC}\PYG{p}{;}
                                                   <./latch1.png> <./dff0.png>]
)
<rf0.png, id=134, 480.79625pt x 378.41376pt>
File: rf0.png Graphic file (type png)
<use rf0.png>
Package pdftex.def Info: rf0.png  used on input line 247.
(pdftex.def)             Requested size: 216.81pt x 170.64261pt.
<rf1.png, id=136, 549.05125pt x 553.06625pt>
File: rf1.png Graphic file (type png)
<use rf1.png>
Package pdftex.def Info: rf1.png  used on input line 260.
(pdftex.def)             Requested size: 289.07999pt x 291.1996pt.


Package Fancyhdr Warning: \headheight is too small (25.22153pt): 
 Make it at least 25.89063pt.
 We now make it that large for the rest of the document.
 This may cause the page layout to be inconsistent, however.

[5pdfTeX warning (ext4): destination with the same identifier (name{figure.6}) 
has been already used, duplicate ignored

\AtBegShi@Output ...ipout \box \AtBeginShipoutBox 
                                                  \fi \fi 
l.265 
       <./rf0.png>]
<rf2.png, id=145, 567.11874pt x 447.6725pt>
File: rf2.png Graphic file (type png)
<use rf2.png>
Package pdftex.def Info: rf2.png  used on input line 273.
(pdftex.def)             Requested size: 289.07999pt x 228.20065pt.
\openout3 = `seque.pyg'.


(./_minted-seque/61ABCFD64CB8AFC7B6D09E5ED4E16AB822613F44998054DE6DFAC42DD67F2B
1D.pygtex

Package Fancyhdr Warning: \headheight is too small (25.22153pt): 
 Make it at least 25.89063pt.
 We now make it that large for the rest of the document.
 This may cause the page layout to be inconsistent, however.

[6pdfTeX warning (ext4): destination with the same identifier (name{figure.7}) 
has been already used, duplicate ignored

\AtBegShi@Output ...ipout \box \AtBeginShipoutBox 
                                                  \fi \fi 
l.1 \begin{Verbatim}[commandchars=\\\{\}]
                                         pdfTeX warning (ext4): destination wit
h the same identifier (name{figure.8}) has been already used, duplicate ignored


\AtBegShi@Output ...ipout \box \AtBeginShipoutBox 
                                                  \fi \fi 
l.1 \begin{Verbatim}[commandchars=\\\{\}]
                                          <./rf1.png> <./rf2.png>])
<sram0.png, id=153, 496.85625pt x 283.0575pt>
File: sram0.png Graphic file (type png)
<use sram0.png>
Package pdftex.def Info: sram0.png  used on input line 330.
(pdftex.def)             Requested size: 216.81pt x 123.51773pt.


Package Fancyhdr Warning: \headheight is too small (25.22153pt): 
 Make it at least 25.89063pt.
 We now make it that large for the rest of the document.
 This may cause the page layout to be inconsistent, however.

[7]
<sram1.png, id=163, 361.35pt x 397.485pt>
File: sram1.png Graphic file (type png)
<use sram1.png>
Package pdftex.def Info: sram1.png  used on input line 345.
(pdftex.def)             Requested size: 216.81pt x 238.49283pt.
\openout3 = `seque.pyg'.


(./_minted-seque/D9CA3F9B9814841307B3C4CA603AF3E422613F44998054DE6DFAC42DD67F2B
1D.pygtex

Package Fancyhdr Warning: \headheight is too small (25.22153pt): 
 Make it at least 25.89063pt.
 We now make it that large for the rest of the document.
 This may cause the page layout to be inconsistent, however.

[8pdfTeX warning (ext4): destination with the same identifier (name{figure.9}) 
has been already used, duplicate ignored

\AtBegShi@Output ...ipout \box \AtBeginShipoutBox 
                                                  \fi \fi 
l.13 ...l} \PYG{k}{of} \PYG{n+nc}{DFF} \PYG{k}{is}
                                                  pdfTeX warning (ext4): destin
ation with the same identifier (name{figure.10}) has been already used, duplica
te ignored

\AtBegShi@Output ...ipout \box \AtBeginShipoutBox 
                                                  \fi \fi 
l.13 ...l} \PYG{k}{of} \PYG{n+nc}{DFF} \PYG{k}{is}
                                                   <./sram0.png> <./sram1.png>]
)
<sram3.png, id=171, 564.1075pt x 613.29124pt>
File: sram3.png Graphic file (type png)
<use sram3.png>
Package pdftex.def Info: sram3.png  used on input line 390.
(pdftex.def)             Requested size: 252.94499pt x 274.99591pt.
<sram2.png, id=173, 714.67pt x 304.13625pt>
File: sram2.png Graphic file (type png)
<use sram2.png>
Package pdftex.def Info: sram2.png  used on input line 403.
(pdftex.def)             Requested size: 361.34999pt x 153.77553pt.


Package Fancyhdr Warning: \headheight is too small (25.22153pt): 
 Make it at least 25.89063pt.
 We now make it that large for the rest of the document.
 This may cause the page layout to be inconsistent, however.

[9pdfTeX warning (ext4): destination with the same identifier (name{figure.11})
 has been already used, duplicate ignored

\AtBegShi@Output ...ipout \box \AtBeginShipoutBox 
                                                  \fi \fi 
l.408 
       <./sram3.png>]
<dram0.png, id=182, 645.41125pt x 467.7475pt>
File: dram0.png Graphic file (type png)
<use dram0.png>
Package pdftex.def Info: dram0.png  used on input line 425.
(pdftex.def)             Requested size: 289.07999pt x 209.49948pt.


Package Fancyhdr Warning: \headheight is too small (25.22153pt): 
 Make it at least 25.89063pt.
 We now make it that large for the rest of the document.
 This may cause the page layout to be inconsistent, however.

[10pdfTeX warning (ext4): destination with the same identifier (name{figure.12}
) has been already used, duplicate ignored

\AtBegShi@Output ...ipout \box \AtBeginShipoutBox 
                                                  \fi \fi 
l.440 \item \textit
                   {Current State} - corresponds to current value of thepdfTeX 
warning (ext4): destination with the same identifier (name{figure.13}) has been
 already used, duplicate ignored

\AtBegShi@Output ...ipout \box \AtBeginShipoutBox 
                                                  \fi \fi 
l.440 \item \textit
                   {Current State} - corresponds to current value of the <./sra
m2.png> <./dram0.png>]
<fsm0.png, id=191, 670.505pt x 325.215pt>
File: fsm0.png Graphic file (type png)
<use fsm0.png>
Package pdftex.def Info: fsm0.png  used on input line 452.
(pdftex.def)             Requested size: 289.07999pt x 140.2119pt.


LaTeX Warning: `!h' float specifier changed to `!ht'.

<fsm1.png, id=192, 675.52374pt x 233.87375pt>
File: fsm1.png Graphic file (type png)
<use fsm1.png>
Package pdftex.def Info: fsm1.png  used on input line 515.
(pdftex.def)             Requested size: 325.215pt x 112.59355pt.

Package Fancyhdr Warning: \headheight is too small (25.22153pt): 
 Make it at least 25.89063pt.
 We now make it that large for the rest of the document.
 This may cause the page layout to be inconsistent, however.

[11pdfTeX warning (ext4): destination with the same identifier (name{figure.14}
) has been already used, duplicate ignored

\AtBegShi@Output ...ipout \box \AtBeginShipoutBox 
                                                  \fi \fi 
l.520 
      pdfTeX warning (ext4): destination with the same identifier (name{table.1
}) has been already used, duplicate ignored

\AtBegShi@Output ...ipout \box \AtBeginShipoutBox 
                                                  \fi \fi 
l.520 
      pdfTeX warning (ext4): destination with the same identifier (name{table.2
}) has been already used, duplicate ignored

\AtBegShi@Output ...ipout \box \AtBeginShipoutBox 
                                                  \fi \fi 
l.520 
       <./fsm0.png>]
<fsm2.png, id=200, 429.605pt x 139.52126pt>
File: fsm2.png Graphic file (type png)
<use fsm2.png>
Package pdftex.def Info: fsm2.png  used on input line 523.
(pdftex.def)             Requested size: 216.81pt x 70.41402pt.
<fsm3.png, id=201, 579.16376pt x 298.11375pt>
File: fsm3.png Graphic file (type png)
<use fsm3.png>
Package pdftex.def Info: fsm3.png  used on input line 536.
(pdftex.def)             Requested size: 289.07999pt x 148.79723pt.
\openout3 = `seque.pyg'.


(./_minted-seque/AF1436A411C6F1A28B520DB28D8B4D9022613F44998054DE6DFAC42DD67F2B
1D.pygtex

Package Fancyhdr Warning: \headheight is too small (25.22153pt): 
 Make it at least 25.89063pt.
 We now make it that large for the rest of the document.
 This may cause the page layout to be inconsistent, however.

[12pdfTeX warning (ext4): destination with the same identifier (name{table.3}) 
has been already used, duplicate ignored

\AtBegShi@Output ...ipout \box \AtBeginShipoutBox 
                                                  \fi \fi 
l.6 ...IN} \PYG{k+kt}{STD\PYGZus{}LOGIC}\PYG{p}{;}
                                                  pdfTeX warning (ext4): destin
ation with the same identifier (name{figure.15}) has been already used, duplica
te ignored

\AtBegShi@Output ...ipout \box \AtBeginShipoutBox 
                                                  \fi \fi 
l.6 ...IN} \PYG{k+kt}{STD\PYGZus{}LOGIC}\PYG{p}{;}
                                                  pdfTeX warning (ext4): destin
ation with the same identifier (name{figure.16}) has been already used, duplica
te ignored

\AtBegShi@Output ...ipout \box \AtBeginShipoutBox 
                                                  \fi \fi 
l.6 ...IN} \PYG{k+kt}{STD\PYGZus{}LOGIC}\PYG{p}{;}
                                                  pdfTeX warning (ext4): destin
ation with the same identifier (name{figure.17}) has been already used, duplica
te ignored

\AtBegShi@Output ...ipout \box \AtBeginShipoutBox 
                                                  \fi \fi 
l.6 ...IN} \PYG{k+kt}{STD\PYGZus{}LOGIC}\PYG{p}{;}
                                                   <./fsm1.png> <./fsm2.png> <.
/fsm3.png>])

Package Fancyhdr Warning: \headheight is too small (25.22153pt): 
 Make it at least 25.89063pt.
 We now make it that large for the rest of the document.
 This may cause the page layout to be inconsistent, however.

[13] (./seque.bbl) 
AED: lastpage setting LastPage

Package Fancyhdr Warning: \headheight is too small (25.22153pt): 
 Make it at least 25.89063pt.
 We now make it that large for the rest of the document.
 This may cause the page layout to be inconsistent, however.

[14]
Package atveryend Info: Empty hook `BeforeClearDocument' on input line 620.
Package atveryend Info: Empty hook `AfterLastShipout' on input line 620.
 (./seque.aux)
Package atveryend Info: Executing hook `AtVeryEndDocument' on input line 620.
Package atveryend Info: Executing hook `AtEndAfterFileList' on input line 620.
Package rerunfilecheck Info: File `seque.out' has not changed.
(rerunfilecheck)             Checksum: 0C9A5F35EA0774A477640A1DB2A4C34C;849.
runsystem(rm seque.pyg)...executed.

 ) 
Here is how much of TeX's memory you used:
 14108 strings out of 494923
 229073 string characters out of 6180742
 512236 words of memory out of 5000000
 17029 multiletter control sequences out of 15000+600000
 17769 words of font info for 78 fonts, out of 8000000 for 9000
 14 hyphenation exceptions out of 8191
 38i,15n,43p,1006b,621s stack positions out of 5000i,500n,10000p,200000b,80000s
{/usr/share/texmf/fonts/enc/dvips/cm-super/cm-super-ts1.enc}{/usr/share/texmf
/fonts/enc/dvips/cm-super/cm-super-t1.enc}</usr/share/texmf/fonts/type1/public/
cm-super/sfbx1095.pfb></usr/share/texmf/fonts/type1/public/cm-super/sfbx1200.pf
b></usr/share/texmf/fonts/type1/public/cm-super/sfbx1440.pfb></usr/share/texmf/
fonts/type1/public/cm-super/sfbx1728.pfb></usr/share/texmf/fonts/type1/public/c
m-super/sfit1095.pfb></usr/share/texmf/fonts/type1/public/cm-super/sfrm1095.pfb
></usr/share/texmf/fonts/type1/public/cm-super/sfti1095.pfb></usr/share/texmf/f
onts/type1/public/cm-super/sftt1095.pfb>
Output written on seque.pdf (14 pages, 464708 bytes).
PDF statistics:
 278 PDF objects out of 1000 (max. 8388607)
 234 compressed objects within 3 object streams
 61 named destinations out of 1000 (max. 500000)
 14542 words of extra memory for PDF output out of 17280 (max. 10000000)

